diff --git a/app/gradle.lockfile b/app/gradle.lockfile
index 837c2140c8e..71ebcdfe991 100644
--- a/app/gradle.lockfile
+++ b/app/gradle.lockfile
@@ -302,16 +302,17 @@ com.google.android.datatransport:transport-api:3.0.0=fullDebugAndroidTestCompile
 com.google.android.datatransport:transport-api:3.1.0=fullDebugCompileClasspath,fullDebugRuntimeClasspath,fullDebugScreenshotTestCompileClasspath,fullDebugScreenshotTestRuntimeClasspath,fullDebugUnitTestCompileClasspath,fullDebugUnitTestRuntimeClasspath,fullReleaseCompileClasspath,fullReleaseRuntimeClasspath,fullReleaseScreenshotTestCompileClasspath,fullReleaseScreenshotTestRuntimeClasspath,fullReleaseUnitTestCompileClasspath,fullReleaseUnitTestRuntimeClasspath
 com.google.android.datatransport:transport-backend-cct:3.1.9=fullDebugAndroidTestCompileClasspath,fullDebugCompileClasspath,fullDebugRuntimeClasspath,fullDebugScreenshotTestCompileClasspath,fullDebugScreenshotTestRuntimeClasspath,fullDebugUnitTestCompileClasspath,fullDebugUnitTestRuntimeClasspath,fullImplementationDependenciesMetadata,fullReleaseCompileClasspath,fullReleaseRuntimeClasspath,fullReleaseScreenshotTestCompileClasspath,fullReleaseScreenshotTestRuntimeClasspath,fullReleaseUnitTestCompileClasspath,fullReleaseUnitTestRuntimeClasspath
 com.google.android.datatransport:transport-runtime:3.1.9=fullDebugAndroidTestCompileClasspath,fullDebugCompileClasspath,fullDebugRuntimeClasspath,fullDebugScreenshotTestCompileClasspath,fullDebugScreenshotTestRuntimeClasspath,fullDebugUnitTestCompileClasspath,fullDebugUnitTestRuntimeClasspath,fullImplementationDependenciesMetadata,fullReleaseCompileClasspath,fullReleaseRuntimeClasspath,fullReleaseScreenshotTestCompileClasspath,fullReleaseScreenshotTestRuntimeClasspath,fullReleaseUnitTestCompileClasspath,fullReleaseUnitTestRuntimeClasspath
-com.google.android.gms:play-services-base:18.5.0=fullDebugAndroidTestCompileClasspath,fullDebugCompileClasspath,fullDebugRuntimeClasspath,fullDebugScreenshotTestCompileClasspath,fullDebugScreenshotTestRuntimeClasspath,fullDebugUnitTestCompileClasspath,fullDebugUnitTestRuntimeClasspath,fullImplementationDependenciesMetadata,fullReleaseCompileClasspath,fullReleaseRuntimeClasspath,fullReleaseScreenshotTestCompileClasspath,fullReleaseScreenshotTestRuntimeClasspath,fullReleaseUnitTestCompileClasspath,fullReleaseUnitTestRuntimeClasspath
+com.google.android.gms:play-services-base:18.5.0=fullDebugAndroidTestCompileClasspath,fullDebugCompileClasspath,fullDebugRuntimeClasspath,fullDebugScreenshotTestCompileClasspath,fullDebugScreenshotTestRuntimeClasspath,fullDebugUnitTestCompileClasspath,fullDebugUnitTestRuntimeClasspath,fullImplementationDependenciesMetadata,fullReleaseCompileClasspath,fullReleaseRuntimeClasspath,fullReleaseScreenshotTestCompileClasspath,fullReleaseScreenshotTestRuntimeClasspath,fullReleaseUnitTestCompileClasspath,fullReleaseUnitTestRuntimeClasspath,minimalDebugUnitTestRuntimeClasspath,minimalReleaseUnitTestRuntimeClasspath
+com.google.android.gms:play-services-basement:18.4.0=minimalDebugUnitTestRuntimeClasspath,minimalReleaseUnitTestRuntimeClasspath
 com.google.android.gms:play-services-basement:18.5.0=fullDebugAndroidTestCompileClasspath,fullDebugCompileClasspath,fullDebugRuntimeClasspath,fullDebugScreenshotTestCompileClasspath,fullDebugScreenshotTestRuntimeClasspath,fullDebugUnitTestCompileClasspath,fullDebugUnitTestRuntimeClasspath,fullImplementationDependenciesMetadata,fullReleaseCompileClasspath,fullReleaseRuntimeClasspath,fullReleaseScreenshotTestCompileClasspath,fullReleaseScreenshotTestRuntimeClasspath,fullReleaseUnitTestCompileClasspath,fullReleaseUnitTestRuntimeClasspath
 com.google.android.gms:play-services-cloud-messaging:17.2.0=fullDebugRuntimeClasspath,fullDebugScreenshotTestRuntimeClasspath,fullDebugUnitTestRuntimeClasspath,fullReleaseRuntimeClasspath,fullReleaseScreenshotTestRuntimeClasspath,fullReleaseUnitTestRuntimeClasspath
 com.google.android.gms:play-services-cronet:18.0.1=fullDebugAndroidTestCompileClasspath,fullDebugCompileClasspath,fullDebugRuntimeClasspath,fullDebugScreenshotTestCompileClasspath,fullDebugScreenshotTestRuntimeClasspath,fullDebugUnitTestCompileClasspath,fullDebugUnitTestRuntimeClasspath,fullImplementationDependenciesMetadata,fullReleaseCompileClasspath,fullReleaseRuntimeClasspath,fullReleaseScreenshotTestCompileClasspath,fullReleaseScreenshotTestRuntimeClasspath,fullReleaseUnitTestCompileClasspath,fullReleaseUnitTestRuntimeClasspath
 com.google.android.gms:play-services-home:16.0.0=fullDebugAndroidTestCompileClasspath,fullDebugCompileClasspath,fullDebugRuntimeClasspath,fullDebugScreenshotTestCompileClasspath,fullDebugScreenshotTestRuntimeClasspath,fullDebugUnitTestCompileClasspath,fullDebugUnitTestRuntimeClasspath,fullImplementationDependenciesMetadata,fullReleaseCompileClasspath,fullReleaseRuntimeClasspath,fullReleaseScreenshotTestCompileClasspath,fullReleaseScreenshotTestRuntimeClasspath,fullReleaseUnitTestCompileClasspath,fullReleaseUnitTestRuntimeClasspath
 com.google.android.gms:play-services-location:21.3.0=fullDebugAndroidTestCompileClasspath,fullDebugCompileClasspath,fullDebugRuntimeClasspath,fullDebugScreenshotTestCompileClasspath,fullDebugScreenshotTestRuntimeClasspath,fullDebugUnitTestCompileClasspath,fullDebugUnitTestRuntimeClasspath,fullImplementationDependenciesMetadata,fullReleaseCompileClasspath,fullReleaseRuntimeClasspath,fullReleaseScreenshotTestCompileClasspath,fullReleaseScreenshotTestRuntimeClasspath,fullReleaseUnitTestCompileClasspath,fullReleaseUnitTestRuntimeClasspath
 com.google.android.gms:play-services-stats:17.0.2=fullDebugRuntimeClasspath,fullDebugScreenshotTestRuntimeClasspath,fullDebugUnitTestRuntimeClasspath,fullReleaseRuntimeClasspath,fullReleaseScreenshotTestRuntimeClasspath,fullReleaseUnitTestRuntimeClasspath
-com.google.android.gms:play-services-tasks:18.2.0=fullDebugAndroidTestCompileClasspath,fullDebugCompileClasspath,fullDebugRuntimeClasspath,fullDebugScreenshotTestCompileClasspath,fullDebugScreenshotTestRuntimeClasspath,fullDebugUnitTestCompileClasspath,fullDebugUnitTestRuntimeClasspath,fullImplementationDependenciesMetadata,fullReleaseCompileClasspath,fullReleaseRuntimeClasspath,fullReleaseScreenshotTestCompileClasspath,fullReleaseScreenshotTestRuntimeClasspath,fullReleaseUnitTestCompileClasspath,fullReleaseUnitTestRuntimeClasspath
+com.google.android.gms:play-services-tasks:18.2.0=fullDebugAndroidTestCompileClasspath,fullDebugCompileClasspath,fullDebugRuntimeClasspath,fullDebugScreenshotTestCompileClasspath,fullDebugScreenshotTestRuntimeClasspath,fullDebugUnitTestCompileClasspath,fullDebugUnitTestRuntimeClasspath,fullImplementationDependenciesMetadata,fullReleaseCompileClasspath,fullReleaseRuntimeClasspath,fullReleaseScreenshotTestCompileClasspath,fullReleaseScreenshotTestRuntimeClasspath,fullReleaseUnitTestCompileClasspath,fullReleaseUnitTestRuntimeClasspath,minimalDebugUnitTestRuntimeClasspath,minimalReleaseUnitTestRuntimeClasspath
 com.google.android.gms:play-services-threadnetwork:16.3.0=fullDebugAndroidTestCompileClasspath,fullDebugCompileClasspath,fullDebugRuntimeClasspath,fullDebugScreenshotTestCompileClasspath,fullDebugScreenshotTestRuntimeClasspath,fullDebugUnitTestCompileClasspath,fullDebugUnitTestRuntimeClasspath,fullImplementationDependenciesMetadata,fullReleaseCompileClasspath,fullReleaseRuntimeClasspath,fullReleaseScreenshotTestCompileClasspath,fullReleaseScreenshotTestRuntimeClasspath,fullReleaseUnitTestCompileClasspath,fullReleaseUnitTestRuntimeClasspath
-com.google.android.gms:play-services-wearable:19.0.0=fullDebugAndroidTestCompileClasspath,fullDebugCompileClasspath,fullDebugRuntimeClasspath,fullDebugScreenshotTestCompileClasspath,fullDebugScreenshotTestRuntimeClasspath,fullDebugUnitTestCompileClasspath,fullDebugUnitTestRuntimeClasspath,fullImplementationDependenciesMetadata,fullReleaseCompileClasspath,fullReleaseRuntimeClasspath,fullReleaseScreenshotTestCompileClasspath,fullReleaseScreenshotTestRuntimeClasspath,fullReleaseUnitTestCompileClasspath,fullReleaseUnitTestRuntimeClasspath
+com.google.android.gms:play-services-wearable:19.0.0=fullDebugAndroidTestCompileClasspath,fullDebugCompileClasspath,fullDebugRuntimeClasspath,fullDebugScreenshotTestCompileClasspath,fullDebugScreenshotTestRuntimeClasspath,fullDebugUnitTestCompileClasspath,fullDebugUnitTestRuntimeClasspath,fullImplementationDependenciesMetadata,fullReleaseCompileClasspath,fullReleaseRuntimeClasspath,fullReleaseScreenshotTestCompileClasspath,fullReleaseScreenshotTestRuntimeClasspath,fullReleaseUnitTestCompileClasspath,fullReleaseUnitTestRuntimeClasspath,minimalDebugUnitTestRuntimeClasspath,minimalReleaseUnitTestRuntimeClasspath
 com.google.android.material:material:1.13.0=fullDebugAndroidTestCompileClasspath,fullDebugCompileClasspath,fullDebugRuntimeClasspath,fullDebugScreenshotTestCompileClasspath,fullDebugScreenshotTestRuntimeClasspath,fullDebugUnitTestCompileClasspath,fullDebugUnitTestRuntimeClasspath,fullReleaseCompileClasspath,fullReleaseRuntimeClasspath,fullReleaseScreenshotTestCompileClasspath,fullReleaseScreenshotTestRuntimeClasspath,fullReleaseUnitTestCompileClasspath,fullReleaseUnitTestRuntimeClasspath,minimalDebugAndroidTestCompileClasspath,minimalDebugCompileClasspath,minimalDebugRuntimeClasspath,minimalDebugScreenshotTestCompileClasspath,minimalDebugScreenshotTestRuntimeClasspath,minimalDebugUnitTestCompileClasspath,minimalDebugUnitTestRuntimeClasspath,minimalReleaseCompileClasspath,minimalReleaseRuntimeClasspath,minimalReleaseScreenshotTestCompileClasspath,minimalReleaseScreenshotTestRuntimeClasspath,minimalReleaseUnitTestCompileClasspath,minimalReleaseUnitTestRuntimeClasspath
 com.google.android:annotations:4.1.1.4=_internal-unified-test-platform-android-test-plugin-host-emulator-control,_internal-unified-test-platform-android-test-plugin-result-listener-gradle,_internal-unified-test-platform-core
 com.google.api.grpc:proto-google-common-protos:2.17.0=_internal-unified-test-platform-android-device-provider-ddmlib,_internal-unified-test-platform-android-device-provider-gradle,_internal-unified-test-platform-android-test-plugin-host-additional-test-output,_internal-unified-test-platform-android-test-plugin-host-apk-installer,_internal-unified-test-platform-android-test-plugin-host-coverage,_internal-unified-test-platform-android-test-plugin-host-device-info,_internal-unified-test-platform-android-test-plugin-host-logcat,_internal-unified-test-platform-core
@@ -656,7 +657,7 @@ org.jetbrains.kotlinx:kotlinx-coroutines-core:1.10.2=fullDebugAndroidTestCompile
 org.jetbrains.kotlinx:kotlinx-coroutines-core:1.7.3=_internal-unified-test-platform-android-device-provider-ddmlib,_internal-unified-test-platform-android-device-provider-gradle,_internal-unified-test-platform-android-test-plugin-host-additional-test-output,_internal-unified-test-platform-android-test-plugin-host-apk-installer,_internal-unified-test-platform-android-test-plugin-host-coverage,_internal-unified-test-platform-android-test-plugin-host-device-info,_internal-unified-test-platform-android-test-plugin-host-emulator-control,_internal-unified-test-platform-android-test-plugin-host-logcat,_internal-unified-test-platform-android-test-plugin-result-listener-gradle,_internal-unified-test-platform-core,_internal-unified-test-platform-launcher
 org.jetbrains.kotlinx:kotlinx-coroutines-core:1.8.1=androidTestImplementationDependenciesMetadata
 org.jetbrains.kotlinx:kotlinx-coroutines-guava:1.10.2=fullDebugRuntimeClasspath,fullDebugScreenshotTestRuntimeClasspath,fullDebugUnitTestRuntimeClasspath,fullReleaseRuntimeClasspath,fullReleaseScreenshotTestRuntimeClasspath,fullReleaseUnitTestRuntimeClasspath
-org.jetbrains.kotlinx:kotlinx-coroutines-play-services:1.10.2=fullDebugAndroidTestCompileClasspath,fullDebugCompileClasspath,fullDebugRuntimeClasspath,fullDebugScreenshotTestCompileClasspath,fullDebugScreenshotTestRuntimeClasspath,fullDebugUnitTestCompileClasspath,fullDebugUnitTestRuntimeClasspath,fullImplementationDependenciesMetadata,fullReleaseCompileClasspath,fullReleaseRuntimeClasspath,fullReleaseScreenshotTestCompileClasspath,fullReleaseScreenshotTestRuntimeClasspath,fullReleaseUnitTestCompileClasspath,fullReleaseUnitTestRuntimeClasspath
+org.jetbrains.kotlinx:kotlinx-coroutines-play-services:1.10.2=fullDebugAndroidTestCompileClasspath,fullDebugCompileClasspath,fullDebugRuntimeClasspath,fullDebugScreenshotTestCompileClasspath,fullDebugScreenshotTestRuntimeClasspath,fullDebugUnitTestCompileClasspath,fullDebugUnitTestRuntimeClasspath,fullImplementationDependenciesMetadata,fullReleaseCompileClasspath,fullReleaseRuntimeClasspath,fullReleaseScreenshotTestCompileClasspath,fullReleaseScreenshotTestRuntimeClasspath,fullReleaseUnitTestCompileClasspath,fullReleaseUnitTestRuntimeClasspath,minimalDebugUnitTestRuntimeClasspath,minimalReleaseUnitTestRuntimeClasspath
 org.jetbrains.kotlinx:kotlinx-coroutines-test-jvm:1.10.2=fullDebugAndroidTestCompileClasspath,fullDebugAndroidTestRuntimeClasspath,fullDebugUnitTestCompileClasspath,fullDebugUnitTestRuntimeClasspath,fullReleaseUnitTestCompileClasspath,fullReleaseUnitTestRuntimeClasspath,minimalDebugAndroidTestCompileClasspath,minimalDebugAndroidTestRuntimeClasspath,minimalDebugUnitTestCompileClasspath,minimalDebugUnitTestRuntimeClasspath,minimalReleaseUnitTestCompileClasspath,minimalReleaseUnitTestRuntimeClasspath
 org.jetbrains.kotlinx:kotlinx-coroutines-test:1.10.2=fullDebugAndroidTestCompileClasspath,fullDebugAndroidTestRuntimeClasspath,fullDebugUnitTestCompileClasspath,fullDebugUnitTestRuntimeClasspath,fullReleaseUnitTestCompileClasspath,fullReleaseUnitTestRuntimeClasspath,minimalDebugAndroidTestCompileClasspath,minimalDebugAndroidTestRuntimeClasspath,minimalDebugUnitTestCompileClasspath,minimalDebugUnitTestRuntimeClasspath,minimalReleaseUnitTestCompileClasspath,minimalReleaseUnitTestRuntimeClasspath
 org.jetbrains.kotlinx:kotlinx-coroutines-test:1.8.1=androidTestImplementationDependenciesMetadata
diff --git a/app/src/full/kotlin/io/homeassistant/companion/android/settings/wear/SettingsWearActivity.kt b/app/src/full/kotlin/io/homeassistant/companion/android/settings/wear/SettingsWearActivity.kt
index ef5b6f7d3e1..73df9133385 100644
--- a/app/src/full/kotlin/io/homeassistant/companion/android/settings/wear/SettingsWearActivity.kt
+++ b/app/src/full/kotlin/io/homeassistant/companion/android/settings/wear/SettingsWearActivity.kt
@@ -4,57 +4,61 @@ import android.content.Context
 import android.content.Intent
 import android.os.Bundle
 import android.widget.Toast
+import androidx.activity.compose.setContent
 import androidx.activity.enableEdgeToEdge
+import androidx.activity.viewModels
 import androidx.appcompat.app.AppCompatActivity
 import androidx.concurrent.futures.await
 import androidx.core.net.toUri
-import androidx.core.view.isInvisible
-import androidx.core.view.isVisible
 import androidx.lifecycle.Lifecycle
 import androidx.lifecycle.lifecycleScope
 import androidx.lifecycle.repeatOnLifecycle
 import androidx.wear.remote.interactions.RemoteActivityHelper
 import com.google.android.gms.wearable.CapabilityClient
 import com.google.android.gms.wearable.CapabilityInfo
-import com.google.android.gms.wearable.Node
 import com.google.android.gms.wearable.NodeClient
 import com.google.android.gms.wearable.Wearable
+import dagger.hilt.android.AndroidEntryPoint
 import io.homeassistant.companion.android.common.R as commonR
-import io.homeassistant.companion.android.databinding.ActivitySettingsWearBinding
-import io.homeassistant.companion.android.settings.HelpMenuProvider
+import io.homeassistant.companion.android.settings.wear.SettingsWearViewModel.Companion.CAPABILITY_WEAR_APP
 import io.homeassistant.companion.android.settings.wear.views.SettingsWearMainView
-import io.homeassistant.companion.android.util.applySafeDrawingInsets
+import io.homeassistant.companion.android.settings.wear.views.SettingsWearOnboardingView
+import io.homeassistant.companion.android.util.compose.HomeAssistantAppTheme
 import kotlinx.coroutines.CancellationException
-import kotlinx.coroutines.Dispatchers
 import kotlinx.coroutines.launch
-import kotlinx.coroutines.tasks.await
-import kotlinx.coroutines.withContext
 import timber.log.Timber
 
+@AndroidEntryPoint
 class SettingsWearActivity :
     AppCompatActivity(),
     CapabilityClient.OnCapabilityChangedListener {
 
-    private lateinit var binding: ActivitySettingsWearBinding
+    private val settingsWearViewModel by viewModels<SettingsWearViewModel>()
 
     private var capabilityClient: CapabilityClient? = null
     private var nodeClient: NodeClient? = null
     private var remoteActivityHelper: RemoteActivityHelper? = null
 
-    private var wearNodesWithApp: Set<Node>? = null
-    private var allConnectedNodes: List<Node>? = null
-
     override fun onCreate(savedInstanceState: Bundle?) {
         super.onCreate(savedInstanceState)
 
         enableEdgeToEdge()
 
-        binding = ActivitySettingsWearBinding.inflate(layoutInflater)
-        setContentView(binding.root)
-        binding.root.applySafeDrawingInsets()
+        setContent {
+            HomeAssistantAppTheme {
+                SettingsWearOnboardingView(
+                    settingsWearViewModel,
+                    onInstallOnWearDeviceClicked = {
+                        openPlayStoreOnWearDevicesWithoutApp()
+                    },
+                    onFinishInstallOnDevices = {
+                        openWearDeviceSettings()
+                    },
+                    onBackClicked = { onBackPressedDispatcher.onBackPressed() },
+                )
+            }
+        }
 
-        setSupportActionBar(binding.toolbar)
-        supportActionBar?.setDisplayHomeAsUpEnabled(true)
         capabilityClient = try {
             Wearable.getCapabilityClient(this)
         } catch (e: Exception) {
@@ -74,27 +78,18 @@ class SettingsWearActivity :
             null
         }
 
-        binding.remoteOpenButton.setOnClickListener {
-            openPlayStoreOnWearDevicesWithoutApp()
-        }
-
-        addMenuProvider(HelpMenuProvider("https://companion.home-assistant.io/docs/wear-os/wear-os".toUri()))
-
-        // Perform the initial update of the UI
-        updateUI()
-
         lifecycleScope.launch {
             lifecycle.repeatOnLifecycle(Lifecycle.State.RESUMED) {
                 launch {
                     // Initial request for devices with our capability, aka, our Wear app installed.
-                    findWearDevicesWithApp()
+                    settingsWearViewModel.findWearDevicesWithApp(capabilityClient)
                 }
                 launch {
                     // Initial request for all Wear devices connected (with or without our capability).
                     // Additional Note: Because there isn't a listener for ALL Nodes added/removed from network
                     // that isn't deprecated, we simply update the full list when the Google API Client is
                     // connected and when capability changes come through in the onCapabilityChanged() method.
-                    findAllWearDevices()
+                    settingsWearViewModel.findAllWearDevices(nodeClient)
                 }
             }
         }
@@ -107,7 +102,6 @@ class SettingsWearActivity :
 
     override fun onResume() {
         super.onResume()
-        title = getString(commonR.string.wear_os_settings_title)
         capabilityClient?.addListener(this, CAPABILITY_WEAR_APP)
     }
 
@@ -115,92 +109,27 @@ class SettingsWearActivity :
      * Updates UI when capabilities change (install/uninstall wear app).
      */
     override fun onCapabilityChanged(capabilityInfo: CapabilityInfo) {
-        wearNodesWithApp = capabilityInfo.nodes
-
+        settingsWearViewModel.updateWearNodesWithApp(capabilityInfo.nodes)
         lifecycleScope.launch {
             // Because we have an updated list of devices with/without our app, we need to also update
             // our list of active Wear devices.
-            findAllWearDevices()
+            settingsWearViewModel.findAllWearDevices(nodeClient)
         }
     }
 
-    private suspend fun findWearDevicesWithApp() {
-        try {
-            val capabilityInfo = capabilityClient
-                ?.getCapability(CAPABILITY_WEAR_APP, CapabilityClient.FILTER_ALL)
-                ?.await()
-
-            withContext(Dispatchers.Main) {
-                wearNodesWithApp = capabilityInfo?.nodes
-                Timber.d("Capable Nodes: $wearNodesWithApp")
-                updateUI()
-            }
-        } catch (cancellationException: CancellationException) {
-            // Request was cancelled normally
-            throw cancellationException
-        } catch (throwable: Throwable) {
-            Timber.d("Capability request failed to return any results.")
-        }
-    }
-
-    private suspend fun findAllWearDevices() {
-        try {
-            val connectedNodes = nodeClient?.connectedNodes?.await()
-
-            withContext(Dispatchers.Main) {
-                allConnectedNodes = connectedNodes
-                updateUI()
-            }
-        } catch (cancellationException: CancellationException) {
-            // Request was cancelled normally
-        } catch (throwable: Throwable) {
-            Timber.d("Node request failed to return any results.")
-        }
-    }
-
-    private fun updateUI() {
-        val wearNodesWithApp = wearNodesWithApp
-        val allConnectedNodes = allConnectedNodes
-
-        when {
-            wearNodesWithApp == null || allConnectedNodes == null -> {
-                Timber.d("Waiting on Results for both connected nodes and nodes with app")
-                binding.informationTextView.text = getString(commonR.string.message_checking)
-                binding.remoteOpenButton.isInvisible = true
-            }
-            allConnectedNodes.isEmpty() -> {
-                Timber.d("No devices")
-                binding.informationTextView.text = getString(commonR.string.message_no_connected_nodes)
-                binding.remoteOpenButton.isInvisible = true
-            }
-            wearNodesWithApp.isEmpty() -> {
-                Timber.d("Missing on all devices")
-                binding.informationTextView.text = getString(commonR.string.message_missing_all)
-                binding.remoteOpenButton.isVisible = true
-            }
-            wearNodesWithApp.size < allConnectedNodes.size -> {
-                Timber.d("Installed on some devices")
-                startActivity(
-                    SettingsWearMainView.newInstance(applicationContext, wearNodesWithApp, getAuthIntentUrl()),
-                )
-                finish()
-            }
-            else -> {
-                Timber.d("Installed on all devices")
-                startActivity(
-                    SettingsWearMainView.newInstance(applicationContext, wearNodesWithApp, getAuthIntentUrl()),
-                )
-                finish()
-            }
+    private fun openWearDeviceSettings() {
+        val wearNodesWithApp = settingsWearViewModel.getNodesWithApp()
+        if (wearNodesWithApp.isEmpty()) {
+            Timber.d("No wear nodes with app")
         }
+        startActivity(
+            SettingsWearMainView.newInstance(applicationContext, wearNodesWithApp, getAuthIntentUrl()),
+        )
+        finish()
     }
 
     private fun openPlayStoreOnWearDevicesWithoutApp() {
-        val wearNodesWithApp = wearNodesWithApp ?: return
-        val allConnectedNodes = allConnectedNodes ?: return
-
-        // Determine the list of nodes (wear devices) that don't have the app installed yet.
-        val nodesWithoutApp = allConnectedNodes - wearNodesWithApp
+        val nodesWithoutApp = settingsWearViewModel.getNodesWithoutApp()
 
         Timber.d("Number of nodes without app: " + nodesWithoutApp.size)
         val intent = Intent(Intent.ACTION_VIEW)
@@ -248,10 +177,6 @@ class SettingsWearActivity :
     }
 
     companion object {
-        // Name of capability listed in Wear app's wear.xml.
-        // IMPORTANT NOTE: This should be named differently than your Phone app's capability.
-        private const val CAPABILITY_WEAR_APP = "verify_wear_app"
-
         private const val PLAY_STORE_APP_URI =
             "market://details?id=io.homeassistant.companion.android"
 
diff --git a/app/src/full/kotlin/io/homeassistant/companion/android/settings/wear/SettingsWearViewModel.kt b/app/src/full/kotlin/io/homeassistant/companion/android/settings/wear/SettingsWearViewModel.kt
index ee8bde2c6db..6f996f4d31f 100644
--- a/app/src/full/kotlin/io/homeassistant/companion/android/settings/wear/SettingsWearViewModel.kt
+++ b/app/src/full/kotlin/io/homeassistant/companion/android/settings/wear/SettingsWearViewModel.kt
@@ -1,7 +1,8 @@
 package io.homeassistant.companion.android.settings.wear
 
-import android.annotation.SuppressLint
 import android.app.Application
+import androidx.annotation.StringRes
+import androidx.annotation.VisibleForTesting
 import androidx.compose.foundation.lazy.LazyListItemInfo
 import androidx.compose.runtime.mutableStateListOf
 import androidx.compose.runtime.mutableStateMapOf
@@ -14,6 +15,8 @@ import com.google.android.gms.wearable.DataEvent
 import com.google.android.gms.wearable.DataEventBuffer
 import com.google.android.gms.wearable.DataMap
 import com.google.android.gms.wearable.DataMapItem
+import com.google.android.gms.wearable.Node
+import com.google.android.gms.wearable.NodeClient
 import com.google.android.gms.wearable.PutDataMapRequest
 import com.google.android.gms.wearable.Wearable
 import dagger.hilt.android.lifecycle.HiltViewModel
@@ -31,6 +34,7 @@ import io.homeassistant.companion.android.database.server.ServerType
 import io.homeassistant.companion.android.database.server.ServerUserInfo
 import java.util.UUID
 import javax.inject.Inject
+import kotlinx.coroutines.CancellationException
 import kotlinx.coroutines.CoroutineScope
 import kotlinx.coroutines.Dispatchers
 import kotlinx.coroutines.Job
@@ -38,25 +42,77 @@ import kotlinx.coroutines.flow.MutableSharedFlow
 import kotlinx.coroutines.flow.MutableStateFlow
 import kotlinx.coroutines.flow.asSharedFlow
 import kotlinx.coroutines.flow.asStateFlow
+import kotlinx.coroutines.flow.combine
 import kotlinx.coroutines.launch
 import kotlinx.coroutines.tasks.await
 import kotlinx.serialization.SerializationException
 import timber.log.Timber
 
 @HiltViewModel
-@SuppressLint("VisibleForTests") // https://issuetracker.google.com/issues/239451111
 class SettingsWearViewModel @Inject constructor(private val serverManager: ServerManager, application: Application) :
     AndroidViewModel(application),
     DataClient.OnDataChangedListener {
 
+    data class SettingsWearOnboardingViewUiState(
+        @StringRes val infoTextResourceId: Int = commonR.string.message_checking,
+        val shouldShowRemoteInstallButton: Boolean = false,
+        val installedOnDevices: Boolean = false,
+    )
+
     companion object {
         private const val CAPABILITY_WEAR_SENDS_CONFIG = "sends_config"
+
+        // Name of capability listed in Wear app's wear.xml.
+        // IMPORTANT NOTE: This should be named differently than your Phone app's capability.
+        const val CAPABILITY_WEAR_APP = "verify_wear_app"
     }
 
     private val _hasData = MutableStateFlow(false)
     val hasData = _hasData.asStateFlow()
     private val _isAuthenticated = MutableStateFlow(false)
     val isAuthenticated = _isAuthenticated.asStateFlow()
+
+    @VisibleForTesting(otherwise = VisibleForTesting.PRIVATE)
+    val wearNodesWithApp: MutableStateFlow<Set<Node>> = MutableStateFlow(setOf<Node>())
+
+    @VisibleForTesting(otherwise = VisibleForTesting.PRIVATE)
+    val allConnectedNodes: MutableStateFlow<List<Node>> = MutableStateFlow(listOf<Node>())
+
+    val settingsWearOnboardingViewUiState =
+        combine(wearNodesWithApp, allConnectedNodes) { nodesWithApp, connectedNodes ->
+            var infoTextResourceId = commonR.string.message_checking
+            var shouldDisplayRemoteAppInstallButton = false
+            var installedOnDevices = false
+            when {
+                connectedNodes.isEmpty() -> {
+                    Timber.d("No devices")
+                    infoTextResourceId = commonR.string.message_no_connected_nodes
+                    shouldDisplayRemoteAppInstallButton = true
+                }
+
+                nodesWithApp.isEmpty() -> {
+                    Timber.d("Missing on all devices")
+                    infoTextResourceId = commonR.string.message_missing_all
+                    shouldDisplayRemoteAppInstallButton = true
+                }
+
+                nodesWithApp.size < connectedNodes.size -> {
+                    Timber.d("Installed on some devices")
+                    installedOnDevices = true
+                }
+
+                else -> {
+                    Timber.d("Installed on all devices")
+                    installedOnDevices = true
+                }
+            }
+            SettingsWearOnboardingViewUiState(
+                infoTextResourceId = infoTextResourceId,
+                shouldShowRemoteInstallButton = shouldDisplayRemoteAppInstallButton,
+                installedOnDevices = installedOnDevices,
+            )
+        }
+
     private var authenticateId: String? = null
     private var serverId = 0
     private var remoteServerId = 0
@@ -299,6 +355,7 @@ class SettingsWearViewModel @Inject constructor(private val serverManager: Serve
                         "/config" -> {
                             onLoadConfigFromWear(DataMapItem.fromDataItem(item).dataMap)
                         }
+
                         WearDataMessages.PATH_LOGIN_RESULT -> {
                             onAuthenticateResult(DataMapItem.fromDataItem(item).dataMap)
                         }
@@ -389,6 +446,7 @@ class SettingsWearViewModel @Inject constructor(private val serverManager: Serve
             }
         }
     }
+
     private fun onAuthenticateResult(data: DataMap) = viewModelScope.launch {
         val id = data.getString(WearDataMessages.KEY_ID, "")
         if (id != authenticateId) return@launch
@@ -411,4 +469,50 @@ class SettingsWearViewModel @Inject constructor(private val serverManager: Serve
             _resultSnackbar.emit(app.getString(commonR.string.failed_watch_connection))
         }
     }
+
+    fun updateWearNodesWithApp(nodes: Set<Node>) {
+        wearNodesWithApp.value = nodes
+    }
+
+    suspend fun findWearDevicesWithApp(capabilityClient: CapabilityClient?) {
+        try {
+            val capabilityInfo = capabilityClient
+                ?.getCapability(CAPABILITY_WEAR_APP, CapabilityClient.FILTER_ALL)
+                ?.await()
+
+            capabilityInfo?.nodes?.let { nodes ->
+                wearNodesWithApp.value = nodes
+            }
+            Timber.d("Capable Nodes: ${wearNodesWithApp.value}")
+        } catch (cancellationException: CancellationException) {
+            // Request was cancelled normally
+            throw cancellationException
+        } catch (throwable: Throwable) {
+            Timber.d(throwable, "Capability request failed to return any results.")
+        }
+    }
+
+    suspend fun findAllWearDevices(nodeClient: NodeClient?) {
+        try {
+            val connectedNodes = nodeClient?.connectedNodes?.await()
+
+            if (connectedNodes != null) {
+                allConnectedNodes.value = connectedNodes
+            }
+        } catch (cancellationException: CancellationException) {
+            // Request was cancelled normally
+            throw cancellationException
+        } catch (throwable: Throwable) {
+            Timber.d(throwable, "Node request failed to return any results.")
+        }
+    }
+
+    fun getNodesWithApp(): Set<Node> {
+        return wearNodesWithApp.value
+    }
+
+    fun getNodesWithoutApp(): List<Node> {
+        // Determine the list of nodes (wear devices) that don't have the app installed yet.
+        return allConnectedNodes.value - wearNodesWithApp.value
+    }
 }
diff --git a/app/src/full/kotlin/io/homeassistant/companion/android/settings/wear/views/SettingsWearOnboardingView.kt b/app/src/full/kotlin/io/homeassistant/companion/android/settings/wear/views/SettingsWearOnboardingView.kt
new file mode 100644
index 00000000000..089dffba3d6
--- /dev/null
+++ b/app/src/full/kotlin/io/homeassistant/companion/android/settings/wear/views/SettingsWearOnboardingView.kt
@@ -0,0 +1,133 @@
+package io.homeassistant.companion.android.settings.wear.views
+
+import androidx.compose.foundation.layout.Arrangement
+import androidx.compose.foundation.layout.Column
+import androidx.compose.foundation.layout.fillMaxSize
+import androidx.compose.foundation.layout.fillMaxWidth
+import androidx.compose.foundation.layout.padding
+import androidx.compose.material.Button
+import androidx.compose.material.MaterialTheme
+import androidx.compose.material.Scaffold
+import androidx.compose.material.Text
+import androidx.compose.runtime.Composable
+import androidx.compose.runtime.getValue
+import androidx.compose.ui.Modifier
+import androidx.compose.ui.res.colorResource
+import androidx.compose.ui.res.stringResource
+import androidx.compose.ui.text.TextStyle
+import androidx.compose.ui.text.font.FontWeight
+import androidx.compose.ui.tooling.preview.PreviewLightDark
+import androidx.compose.ui.unit.dp
+import androidx.compose.ui.unit.sp
+import androidx.lifecycle.compose.collectAsStateWithLifecycle
+import io.homeassistant.companion.android.common.R as commonR
+import io.homeassistant.companion.android.settings.wear.SettingsWearViewModel
+import io.homeassistant.companion.android.util.compose.HomeAssistantAppTheme
+import io.homeassistant.companion.android.util.safeBottomPaddingValues
+
+@Composable
+internal fun SettingsWearOnboardingView(
+    settingsWearViewModel: SettingsWearViewModel,
+    onInstallOnWearDeviceClicked: () -> Unit,
+    onFinishInstallOnDevices: () -> Unit,
+    onBackClicked: () -> Unit,
+) {
+    val uiState by settingsWearViewModel.settingsWearOnboardingViewUiState.collectAsStateWithLifecycle(
+        SettingsWearViewModel.SettingsWearOnboardingViewUiState(),
+    )
+
+    if (uiState.installedOnDevices) {
+        onFinishInstallOnDevices()
+    }
+
+    SettingsWearOnboardingViewContent(
+        infoTextTitleResource = uiState.infoTextResourceId,
+        shouldDisplayRemoteAppInstallButton = uiState.shouldShowRemoteInstallButton,
+        onInstallOnWearDeviceClicked = onInstallOnWearDeviceClicked,
+        onBackClicked = onBackClicked,
+    )
+}
+
+@Composable
+internal fun SettingsWearOnboardingViewContent(
+    infoTextTitleResource: Int,
+    shouldDisplayRemoteAppInstallButton: Boolean,
+    onInstallOnWearDeviceClicked: () -> Unit,
+    onBackClicked: () -> Unit,
+) {
+    Scaffold(
+        topBar = {
+            SettingsWearTopAppBar(
+                title = {
+                    Text(
+                        stringResource(commonR.string.wear_os_settings_title),
+                        fontWeight = FontWeight.Bold,
+                    )
+                },
+                onBackClicked = onBackClicked,
+                docsLink = WEAR_DOCS_LINK,
+            )
+        },
+    ) { contentPadding ->
+        Column(
+            modifier = Modifier
+                .fillMaxSize()
+                .padding(safeBottomPaddingValues())
+                .padding(contentPadding),
+            verticalArrangement = Arrangement.SpaceBetween,
+        ) {
+            Text(
+                text = stringResource(infoTextTitleResource),
+                style = TextStyle(
+                    fontSize = 20.sp,
+                    fontWeight = FontWeight.Light,
+                    color = colorResource(commonR.color.colorHeadline1),
+                ),
+                modifier = Modifier.padding(start = 15.dp, top = 50.dp, end = 15.dp),
+            )
+
+            if (shouldDisplayRemoteAppInstallButton) {
+                Button(
+                    onClick = onInstallOnWearDeviceClicked,
+                    modifier = Modifier
+                        .fillMaxWidth()
+                        .padding(bottom = 50.dp),
+                ) {
+                    Text(
+                        text = stringResource(commonR.string.install_app).uppercase(),
+                        letterSpacing = 1.sp,
+                        style = MaterialTheme.typography.body2,
+                        color = colorResource(commonR.color.colorBackground),
+                        fontWeight = FontWeight.Bold,
+                    )
+                }
+            }
+        }
+    }
+}
+
+@PreviewLightDark
+@Composable
+private fun PreviewSettingWearAppMissingViewWithButton() {
+    HomeAssistantAppTheme {
+        SettingsWearOnboardingViewContent(
+            infoTextTitleResource = commonR.string.message_checking,
+            shouldDisplayRemoteAppInstallButton = false,
+            onInstallOnWearDeviceClicked = {},
+            onBackClicked = {},
+        )
+    }
+}
+
+@PreviewLightDark
+@Composable
+private fun PreviewSettingWearAppMissingView() {
+    HomeAssistantAppTheme {
+        SettingsWearOnboardingViewContent(
+            infoTextTitleResource = commonR.string.message_checking,
+            shouldDisplayRemoteAppInstallButton = true,
+            onInstallOnWearDeviceClicked = {},
+            onBackClicked = {},
+        )
+    }
+}
diff --git a/app/src/full/res/layout/activity_settings_wear.xml b/app/src/full/res/layout/activity_settings_wear.xml
deleted file mode 100755
index 961de4b1e0b..00000000000
--- a/app/src/full/res/layout/activity_settings_wear.xml
+++ /dev/null
@@ -1,42 +0,0 @@
-<?xml version="1.0" encoding="utf-8"?>
-<androidx.constraintlayout.widget.ConstraintLayout xmlns:android="http://schemas.android.com/apk/res/android"
-    xmlns:app="http://schemas.android.com/apk/res-auto"
-    android:layout_width="match_parent"
-    android:layout_height="match_parent">
-
-    <androidx.appcompat.widget.Toolbar
-        android:id="@+id/toolbar"
-        android:layout_width="match_parent"
-        android:layout_height="wrap_content"
-        android:elevation="4dp"
-        app:layout_constraintTop_toTopOf="parent"
-        android:theme="@style/ThemeOverlay.HomeAssistant.ConfigActionBar" />
-
-    <TextView
-        android:id="@+id/information_text_view"
-        android:layout_width="match_parent"
-        android:layout_height="wrap_content"
-        android:layout_marginTop="100dp"
-        android:layout_marginStart="15dp"
-        android:autoLink="web"
-        android:layout_marginEnd="15dp"
-        style="@style/TextAppearance.HomeAssistant.Headline"
-        app:layout_constraintBottom_toTopOf="@id/remote_open_button"
-        app:layout_constraintEnd_toEndOf="parent"
-        app:layout_constraintStart_toStartOf="parent"
-        app:layout_constraintTop_toTopOf="parent"
-        app:layout_constraintVertical_chainStyle="spread_inside" />
-
-    <Button
-        android:id="@+id/remote_open_button"
-        android:layout_width="0dp"
-        android:layout_height="wrap_content"
-        android:layout_weight="1"
-        android:text="@string/install_app"
-        android:visibility="invisible"
-        android:layout_marginBottom="50dp"
-        app:layout_constraintBottom_toBottomOf="parent"
-        app:layout_constraintEnd_toEndOf="parent"
-        app:layout_constraintStart_toStartOf="parent"
-        app:layout_constraintTop_toBottomOf="@id/information_text_view" />
-</androidx.constraintlayout.widget.ConstraintLayout>
\ No newline at end of file
diff --git a/app/src/screenshotTest/kotlin/io/homeassistant/companion/android/settings/wear/views/SettingsWearOnboardingViewPreviewsTest.kt b/app/src/screenshotTest/kotlin/io/homeassistant/companion/android/settings/wear/views/SettingsWearOnboardingViewPreviewsTest.kt
new file mode 100644
index 00000000000..c53aacd7fd9
--- /dev/null
+++ b/app/src/screenshotTest/kotlin/io/homeassistant/companion/android/settings/wear/views/SettingsWearOnboardingViewPreviewsTest.kt
@@ -0,0 +1,52 @@
+package io.homeassistant.companion.android.settings.wear.views
+
+import androidx.compose.runtime.Composable
+import androidx.compose.ui.tooling.preview.Preview
+import com.android.tools.screenshot.PreviewTest
+import io.homeassistant.companion.android.common.R as commonR
+import io.homeassistant.companion.android.util.compose.HomeAssistantAppTheme
+
+class SettingsWearOnboardingViewPreviewsTest {
+
+    @PreviewTest
+    @Preview
+    @Composable
+    private fun `Onboarding View checking for devices`() {
+        HomeAssistantAppTheme {
+            SettingsWearOnboardingViewContent(
+                infoTextTitleResource = commonR.string.message_checking,
+                shouldDisplayRemoteAppInstallButton = true,
+                onInstallOnWearDeviceClicked = {},
+                onBackClicked = {},
+            )
+        }
+    }
+
+    @PreviewTest
+    @Preview
+    @Composable
+    private fun `Onboarding view no devices found`() {
+        HomeAssistantAppTheme {
+            SettingsWearOnboardingViewContent(
+                infoTextTitleResource = commonR.string.message_no_connected_nodes,
+                shouldDisplayRemoteAppInstallButton = true,
+                onInstallOnWearDeviceClicked = {},
+                onBackClicked = {},
+            )
+        }
+    }
+
+    @PreviewTest
+    @Preview
+    @Composable
+    private fun `Onboarding view app missing on all devices`() {
+        HomeAssistantAppTheme {
+            SettingsWearOnboardingViewContent(
+                infoTextTitleResource = commonR.string.message_missing_all,
+                shouldDisplayRemoteAppInstallButton = true,
+                onInstallOnWearDeviceClicked = {},
+                onBackClicked = {},
+            )
+        }
+    }
+}
diff --git a/app/src/screenshotTestFullDebug/reference/io/homeassistant/companion/android/settings/wear/views/SettingsWearOnboardingViewPreviewsTest/Onboarding View checking for devices_0.png b/app/src/screenshotTestFullDebug/reference/io/homeassistant/companion/android/settings/wear/views/SettingsWearOnboardingViewPreviewsTest/Onboarding View checking for devices_0.png
new file mode 100644
index 00000000000..5d9cec0c2f5
Binary files /dev/null and b/app/src/screenshotTestFullDebug/reference/io/homeassistant/companion/android/settings/wear/views/SettingsWearOnboardingViewPreviewsTest/Onboarding View checking for devices_0.png differ
diff --git a/app/src/screenshotTestFullDebug/reference/io/homeassistant/companion/android/settings/wear/views/SettingsWearOnboardingViewPreviewsTest/Onboarding view app missing on all devices_0.png b/app/src/screenshotTestFullDebug/reference/io/homeassistant/companion/android/settings/wear/views/SettingsWearOnboardingViewPreviewsTest/Onboarding view app missing on all devices_0.png
new file mode 100644
index 00000000000..a82d92f1fd5
Binary files /dev/null and b/app/src/screenshotTestFullDebug/reference/io/homeassistant/companion/android/settings/wear/views/SettingsWearOnboardingViewPreviewsTest/Onboarding view app missing on all devices_0.png differ
diff --git a/app/src/screenshotTestFullDebug/reference/io/homeassistant/companion/android/settings/wear/views/SettingsWearOnboardingViewPreviewsTest/Onboarding view no devices found_0.png b/app/src/screenshotTestFullDebug/reference/io/homeassistant/companion/android/settings/wear/views/SettingsWearOnboardingViewPreviewsTest/Onboarding view no devices found_0.png
new file mode 100644
index 00000000000..ab13b7e8cec
Binary files /dev/null and b/app/src/screenshotTestFullDebug/reference/io/homeassistant/companion/android/settings/wear/views/SettingsWearOnboardingViewPreviewsTest/Onboarding view no devices found_0.png differ
diff --git a/app/src/test/kotlin/io/homeassistant/companion/android/settings/wear/SettingsWearViewModelTest.kt b/app/src/test/kotlin/io/homeassistant/companion/android/settings/wear/SettingsWearViewModelTest.kt
new file mode 100644
index 00000000000..a89b3972ded
--- /dev/null
+++ b/app/src/test/kotlin/io/homeassistant/companion/android/settings/wear/SettingsWearViewModelTest.kt
@@ -0,0 +1,138 @@
+package io.homeassistant.companion.android.settings.wear
+
+import android.app.Application
+import app.cash.turbine.turbineScope
+import com.google.android.gms.wearable.Node
+import io.homeassistant.companion.android.common.R as commonR
+import io.homeassistant.companion.android.common.data.servers.ServerManager
+import io.homeassistant.companion.android.fakes.FakeCapabilityClient
+import io.homeassistant.companion.android.fakes.FakeNodeClient
+import io.homeassistant.companion.android.testing.unit.ConsoleLogTree
+import io.mockk.every
+import io.mockk.mockk
+import kotlinx.coroutines.ExperimentalCoroutinesApi
+import kotlinx.coroutines.test.runTest
+import org.junit.jupiter.api.Assertions.assertEquals
+import org.junit.jupiter.api.Assertions.assertFalse
+import org.junit.jupiter.api.Assertions.assertTrue
+import org.junit.jupiter.api.BeforeEach
+import org.junit.jupiter.api.Test
+import timber.log.Timber
+
+private const val CAPABILITY_WEAR_APP = "verify_wear_app"
+
+@OptIn(ExperimentalCoroutinesApi::class)
+class SettingsWearViewModelTest {
+
+    private val serverManager: ServerManager = mockk()
+    private lateinit var viewModel: SettingsWearViewModel
+
+    private lateinit var nodeClient: FakeNodeClient
+    private lateinit var capabilityClient: FakeCapabilityClient
+
+    @BeforeEach
+    fun setup() {
+        Timber.plant(ConsoleLogTree)
+        ConsoleLogTree.verbose = true
+        val application = mockk<Application> {
+            every { applicationContext } returns this
+            every { packageManager } returns mockk()
+        }
+        capabilityClient = FakeCapabilityClient(application)
+        capabilityClient.capabilities[CAPABILITY_WEAR_APP] = setOf("1234")
+        nodeClient = FakeNodeClient(application)
+        nodeClient.setNodes(listOf("1234"))
+        viewModel = SettingsWearViewModel(serverManager, application)
+    }
+
+    @Test
+    fun `Given viewModel initialized when collecting wearNodesWithApp then emits empty set`() {
+        assertEquals(emptySet<Node>(), viewModel.wearNodesWithApp.value)
+    }
+
+    @Test
+    fun `Given viewModel initialized when collecting allConnectedNodes then emits empty list`() {
+        assertEquals(emptyList<Node>(), viewModel.allConnectedNodes.value)
+    }
+
+    @Test
+    fun `Given viewModel initialized when collecting settingsWearOnboardingViewUiState then initial state is correct`() = runTest {
+        turbineScope {
+            val uiState = viewModel.settingsWearOnboardingViewUiState.testIn(backgroundScope)
+            // Initial State, This is from a combined flow
+            val initialState = uiState.awaitItem()
+            assertEquals(commonR.string.message_no_connected_nodes, initialState.infoTextResourceId)
+            assertTrue(initialState.shouldShowRemoteInstallButton)
+            assertFalse(initialState.installedOnDevices)
+        }
+    }
+
+    @Test
+    fun `Given wear nodes with app present when findWearDevicesWithApp called then wearNodesWithApp flow emits these nodes`() = runTest {
+        capabilityClient.capabilities[CAPABILITY_WEAR_APP] = setOf("1234", "567")
+
+        val expectedNodes = capabilityClient.getNodes(CAPABILITY_WEAR_APP)
+        viewModel.findWearDevicesWithApp(capabilityClient)
+
+        assertEquals(expectedNodes, viewModel.wearNodesWithApp.value)
+    }
+
+    @Test
+    fun `Given wear nodes present when findAllWearDevices called then allConnectedNodes flow emits these nodes`() = runTest {
+        nodeClient.setNodes(listOf("1", "2", "3"))
+
+        val expectedNodes: List<Node?>? = nodeClient.connectedNodes.result
+        // Verify that the test is properly setup
+        assertEquals(3, expectedNodes?.size)
+        viewModel.findAllWearDevices(nodeClient)
+
+        assertEquals(expectedNodes, viewModel.allConnectedNodes.value)
+    }
+
+    @Test
+    fun `Given wear nodes without app when findAllWearDevices called then UI state shows message_missing_all`() = runTest {
+        turbineScope {
+            val uiState = viewModel.settingsWearOnboardingViewUiState.testIn(backgroundScope)
+            viewModel.findAllWearDevices(nodeClient)
+
+            val nodes = viewModel.allConnectedNodes.value
+            assertEquals(nodes, nodeClient.connectedNodes.result)
+
+            val newState = uiState.expectMostRecentItem()
+            assertEquals(commonR.string.message_missing_all, newState.infoTextResourceId)
+            assertTrue(newState.shouldShowRemoteInstallButton)
+            assertFalse(newState.installedOnDevices)
+        }
+    }
+
+    @Test
+    fun `Given all wear nodes have app installed when findAllWearDevices and findWearDevicesWithApp called then installedOnDevices is true`() = runTest {
+        turbineScope {
+            val uiState = viewModel.settingsWearOnboardingViewUiState.testIn(backgroundScope)
+            viewModel.findAllWearDevices(nodeClient)
+            viewModel.findWearDevicesWithApp(capabilityClient)
+            val newState = uiState.expectMostRecentItem()
+            assertTrue(newState.installedOnDevices)
+        }
+    }
+
+    @Test
+    fun `Given some wear nodes have app installed when findAllWearDevices and findWearDevicesWithApp called then installedOnDevices is true`() = runTest {
+        turbineScope {
+            val uiState = viewModel.settingsWearOnboardingViewUiState.testIn(backgroundScope)
+            nodeClient.setNodes(listOf("123", "1234"))
+
+            viewModel.findAllWearDevices(nodeClient)
+            val expectedNodesWithoutApp = nodeClient.connectedNodes.result
+            assertEquals(expectedNodesWithoutApp, viewModel.allConnectedNodes.value)
+
+            capabilityClient.capabilities[CAPABILITY_WEAR_APP] = setOf("1234")
+            val expectedNodesWithApp = capabilityClient.getNodes(CAPABILITY_WEAR_APP)
+            viewModel.findWearDevicesWithApp(capabilityClient)
+            assertEquals(expectedNodesWithApp, viewModel.wearNodesWithApp.value)
+
+            val newState = uiState.expectMostRecentItem()
+            assertTrue(newState.installedOnDevices)
+        }
+    }
+}
diff --git a/automotive/gradle.lockfile b/automotive/gradle.lockfile
index 107b2929332..d0cfa6bf57f 100644
--- a/automotive/gradle.lockfile
+++ b/automotive/gradle.lockfile
@@ -302,16 +302,17 @@ com.google.android.datatransport:transport-api:3.0.0=fullDebugAndroidTestCompile
 com.google.android.datatransport:transport-api:3.1.0=fullDebugCompileClasspath,fullDebugRuntimeClasspath,fullDebugScreenshotTestCompileClasspath,fullDebugScreenshotTestRuntimeClasspath,fullDebugUnitTestCompileClasspath,fullDebugUnitTestRuntimeClasspath,fullReleaseCompileClasspath,fullReleaseRuntimeClasspath,fullReleaseScreenshotTestCompileClasspath,fullReleaseScreenshotTestRuntimeClasspath,fullReleaseUnitTestCompileClasspath,fullReleaseUnitTestRuntimeClasspath
 com.google.android.datatransport:transport-backend-cct:3.1.9=fullDebugAndroidTestCompileClasspath,fullDebugCompileClasspath,fullDebugRuntimeClasspath,fullDebugScreenshotTestCompileClasspath,fullDebugScreenshotTestRuntimeClasspath,fullDebugUnitTestCompileClasspath,fullDebugUnitTestRuntimeClasspath,fullImplementationDependenciesMetadata,fullReleaseCompileClasspath,fullReleaseRuntimeClasspath,fullReleaseScreenshotTestCompileClasspath,fullReleaseScreenshotTestRuntimeClasspath,fullReleaseUnitTestCompileClasspath,fullReleaseUnitTestRuntimeClasspath
 com.google.android.datatransport:transport-runtime:3.1.9=fullDebugAndroidTestCompileClasspath,fullDebugCompileClasspath,fullDebugRuntimeClasspath,fullDebugScreenshotTestCompileClasspath,fullDebugScreenshotTestRuntimeClasspath,fullDebugUnitTestCompileClasspath,fullDebugUnitTestRuntimeClasspath,fullImplementationDependenciesMetadata,fullReleaseCompileClasspath,fullReleaseRuntimeClasspath,fullReleaseScreenshotTestCompileClasspath,fullReleaseScreenshotTestRuntimeClasspath,fullReleaseUnitTestCompileClasspath,fullReleaseUnitTestRuntimeClasspath
-com.google.android.gms:play-services-base:18.5.0=fullDebugAndroidTestCompileClasspath,fullDebugCompileClasspath,fullDebugRuntimeClasspath,fullDebugScreenshotTestCompileClasspath,fullDebugScreenshotTestRuntimeClasspath,fullDebugUnitTestCompileClasspath,fullDebugUnitTestRuntimeClasspath,fullImplementationDependenciesMetadata,fullReleaseCompileClasspath,fullReleaseRuntimeClasspath,fullReleaseScreenshotTestCompileClasspath,fullReleaseScreenshotTestRuntimeClasspath,fullReleaseUnitTestCompileClasspath,fullReleaseUnitTestRuntimeClasspath
+com.google.android.gms:play-services-base:18.5.0=fullDebugAndroidTestCompileClasspath,fullDebugCompileClasspath,fullDebugRuntimeClasspath,fullDebugScreenshotTestCompileClasspath,fullDebugScreenshotTestRuntimeClasspath,fullDebugUnitTestCompileClasspath,fullDebugUnitTestRuntimeClasspath,fullImplementationDependenciesMetadata,fullReleaseCompileClasspath,fullReleaseRuntimeClasspath,fullReleaseScreenshotTestCompileClasspath,fullReleaseScreenshotTestRuntimeClasspath,fullReleaseUnitTestCompileClasspath,fullReleaseUnitTestRuntimeClasspath,minimalDebugUnitTestRuntimeClasspath,minimalReleaseUnitTestRuntimeClasspath
+com.google.android.gms:play-services-basement:18.4.0=minimalDebugUnitTestRuntimeClasspath,minimalReleaseUnitTestRuntimeClasspath
 com.google.android.gms:play-services-basement:18.5.0=fullDebugAndroidTestCompileClasspath,fullDebugCompileClasspath,fullDebugRuntimeClasspath,fullDebugScreenshotTestCompileClasspath,fullDebugScreenshotTestRuntimeClasspath,fullDebugUnitTestCompileClasspath,fullDebugUnitTestRuntimeClasspath,fullImplementationDependenciesMetadata,fullReleaseCompileClasspath,fullReleaseRuntimeClasspath,fullReleaseScreenshotTestCompileClasspath,fullReleaseScreenshotTestRuntimeClasspath,fullReleaseUnitTestCompileClasspath,fullReleaseUnitTestRuntimeClasspath
 com.google.android.gms:play-services-cloud-messaging:17.2.0=fullDebugRuntimeClasspath,fullDebugScreenshotTestRuntimeClasspath,fullDebugUnitTestRuntimeClasspath,fullReleaseRuntimeClasspath,fullReleaseScreenshotTestRuntimeClasspath,fullReleaseUnitTestRuntimeClasspath
 com.google.android.gms:play-services-cronet:18.0.1=fullDebugAndroidTestCompileClasspath,fullDebugCompileClasspath,fullDebugRuntimeClasspath,fullDebugScreenshotTestCompileClasspath,fullDebugScreenshotTestRuntimeClasspath,fullDebugUnitTestCompileClasspath,fullDebugUnitTestRuntimeClasspath,fullImplementationDependenciesMetadata,fullReleaseCompileClasspath,fullReleaseRuntimeClasspath,fullReleaseScreenshotTestCompileClasspath,fullReleaseScreenshotTestRuntimeClasspath,fullReleaseUnitTestCompileClasspath,fullReleaseUnitTestRuntimeClasspath
 com.google.android.gms:play-services-home:16.0.0=fullDebugAndroidTestCompileClasspath,fullDebugCompileClasspath,fullDebugRuntimeClasspath,fullDebugScreenshotTestCompileClasspath,fullDebugScreenshotTestRuntimeClasspath,fullDebugUnitTestCompileClasspath,fullDebugUnitTestRuntimeClasspath,fullImplementationDependenciesMetadata,fullReleaseCompileClasspath,fullReleaseRuntimeClasspath,fullReleaseScreenshotTestCompileClasspath,fullReleaseScreenshotTestRuntimeClasspath,fullReleaseUnitTestCompileClasspath,fullReleaseUnitTestRuntimeClasspath
 com.google.android.gms:play-services-location:21.3.0=fullDebugAndroidTestCompileClasspath,fullDebugCompileClasspath,fullDebugRuntimeClasspath,fullDebugScreenshotTestCompileClasspath,fullDebugScreenshotTestRuntimeClasspath,fullDebugUnitTestCompileClasspath,fullDebugUnitTestRuntimeClasspath,fullImplementationDependenciesMetadata,fullReleaseCompileClasspath,fullReleaseRuntimeClasspath,fullReleaseScreenshotTestCompileClasspath,fullReleaseScreenshotTestRuntimeClasspath,fullReleaseUnitTestCompileClasspath,fullReleaseUnitTestRuntimeClasspath
 com.google.android.gms:play-services-stats:17.0.2=fullDebugRuntimeClasspath,fullDebugScreenshotTestRuntimeClasspath,fullDebugUnitTestRuntimeClasspath,fullReleaseRuntimeClasspath,fullReleaseScreenshotTestRuntimeClasspath,fullReleaseUnitTestRuntimeClasspath
-com.google.android.gms:play-services-tasks:18.2.0=fullDebugAndroidTestCompileClasspath,fullDebugCompileClasspath,fullDebugRuntimeClasspath,fullDebugScreenshotTestCompileClasspath,fullDebugScreenshotTestRuntimeClasspath,fullDebugUnitTestCompileClasspath,fullDebugUnitTestRuntimeClasspath,fullImplementationDependenciesMetadata,fullReleaseCompileClasspath,fullReleaseRuntimeClasspath,fullReleaseScreenshotTestCompileClasspath,fullReleaseScreenshotTestRuntimeClasspath,fullReleaseUnitTestCompileClasspath,fullReleaseUnitTestRuntimeClasspath
+com.google.android.gms:play-services-tasks:18.2.0=fullDebugAndroidTestCompileClasspath,fullDebugCompileClasspath,fullDebugRuntimeClasspath,fullDebugScreenshotTestCompileClasspath,fullDebugScreenshotTestRuntimeClasspath,fullDebugUnitTestCompileClasspath,fullDebugUnitTestRuntimeClasspath,fullImplementationDependenciesMetadata,fullReleaseCompileClasspath,fullReleaseRuntimeClasspath,fullReleaseScreenshotTestCompileClasspath,fullReleaseScreenshotTestRuntimeClasspath,fullReleaseUnitTestCompileClasspath,fullReleaseUnitTestRuntimeClasspath,minimalDebugUnitTestRuntimeClasspath,minimalReleaseUnitTestRuntimeClasspath
 com.google.android.gms:play-services-threadnetwork:16.3.0=fullDebugAndroidTestCompileClasspath,fullDebugCompileClasspath,fullDebugRuntimeClasspath,fullDebugScreenshotTestCompileClasspath,fullDebugScreenshotTestRuntimeClasspath,fullDebugUnitTestCompileClasspath,fullDebugUnitTestRuntimeClasspath,fullImplementationDependenciesMetadata,fullReleaseCompileClasspath,fullReleaseRuntimeClasspath,fullReleaseScreenshotTestCompileClasspath,fullReleaseScreenshotTestRuntimeClasspath,fullReleaseUnitTestCompileClasspath,fullReleaseUnitTestRuntimeClasspath
-com.google.android.gms:play-services-wearable:19.0.0=fullDebugAndroidTestCompileClasspath,fullDebugCompileClasspath,fullDebugRuntimeClasspath,fullDebugScreenshotTestCompileClasspath,fullDebugScreenshotTestRuntimeClasspath,fullDebugUnitTestCompileClasspath,fullDebugUnitTestRuntimeClasspath,fullImplementationDependenciesMetadata,fullReleaseCompileClasspath,fullReleaseRuntimeClasspath,fullReleaseScreenshotTestCompileClasspath,fullReleaseScreenshotTestRuntimeClasspath,fullReleaseUnitTestCompileClasspath,fullReleaseUnitTestRuntimeClasspath
+com.google.android.gms:play-services-wearable:19.0.0=fullDebugAndroidTestCompileClasspath,fullDebugCompileClasspath,fullDebugRuntimeClasspath,fullDebugScreenshotTestCompileClasspath,fullDebugScreenshotTestRuntimeClasspath,fullDebugUnitTestCompileClasspath,fullDebugUnitTestRuntimeClasspath,fullImplementationDependenciesMetadata,fullReleaseCompileClasspath,fullReleaseRuntimeClasspath,fullReleaseScreenshotTestCompileClasspath,fullReleaseScreenshotTestRuntimeClasspath,fullReleaseUnitTestCompileClasspath,fullReleaseUnitTestRuntimeClasspath,minimalDebugUnitTestRuntimeClasspath,minimalReleaseUnitTestRuntimeClasspath
 com.google.android.material:material:1.13.0=fullDebugAndroidTestCompileClasspath,fullDebugCompileClasspath,fullDebugRuntimeClasspath,fullDebugScreenshotTestCompileClasspath,fullDebugScreenshotTestRuntimeClasspath,fullDebugUnitTestCompileClasspath,fullDebugUnitTestRuntimeClasspath,fullReleaseCompileClasspath,fullReleaseRuntimeClasspath,fullReleaseScreenshotTestCompileClasspath,fullReleaseScreenshotTestRuntimeClasspath,fullReleaseUnitTestCompileClasspath,fullReleaseUnitTestRuntimeClasspath,minimalDebugAndroidTestCompileClasspath,minimalDebugCompileClasspath,minimalDebugRuntimeClasspath,minimalDebugScreenshotTestCompileClasspath,minimalDebugScreenshotTestRuntimeClasspath,minimalDebugUnitTestCompileClasspath,minimalDebugUnitTestRuntimeClasspath,minimalReleaseCompileClasspath,minimalReleaseRuntimeClasspath,minimalReleaseScreenshotTestCompileClasspath,minimalReleaseScreenshotTestRuntimeClasspath,minimalReleaseUnitTestCompileClasspath,minimalReleaseUnitTestRuntimeClasspath
 com.google.android:annotations:4.1.1.4=_internal-unified-test-platform-android-test-plugin-host-emulator-control,_internal-unified-test-platform-android-test-plugin-result-listener-gradle,_internal-unified-test-platform-core
 com.google.api.grpc:proto-google-common-protos:2.17.0=_internal-unified-test-platform-android-device-provider-ddmlib,_internal-unified-test-platform-android-device-provider-gradle,_internal-unified-test-platform-android-test-plugin-host-additional-test-output,_internal-unified-test-platform-android-test-plugin-host-apk-installer,_internal-unified-test-platform-android-test-plugin-host-coverage,_internal-unified-test-platform-android-test-plugin-host-device-info,_internal-unified-test-platform-android-test-plugin-host-logcat,_internal-unified-test-platform-core
@@ -657,7 +658,7 @@ org.jetbrains.kotlinx:kotlinx-coroutines-core:1.10.2=fullDebugAndroidTestCompile
 org.jetbrains.kotlinx:kotlinx-coroutines-core:1.7.3=_internal-unified-test-platform-android-device-provider-ddmlib,_internal-unified-test-platform-android-device-provider-gradle,_internal-unified-test-platform-android-test-plugin-host-additional-test-output,_internal-unified-test-platform-android-test-plugin-host-apk-installer,_internal-unified-test-platform-android-test-plugin-host-coverage,_internal-unified-test-platform-android-test-plugin-host-device-info,_internal-unified-test-platform-android-test-plugin-host-emulator-control,_internal-unified-test-platform-android-test-plugin-host-logcat,_internal-unified-test-platform-android-test-plugin-result-listener-gradle,_internal-unified-test-platform-core,_internal-unified-test-platform-launcher
 org.jetbrains.kotlinx:kotlinx-coroutines-core:1.8.1=androidTestImplementationDependenciesMetadata
 org.jetbrains.kotlinx:kotlinx-coroutines-guava:1.10.2=fullDebugRuntimeClasspath,fullDebugScreenshotTestRuntimeClasspath,fullDebugUnitTestRuntimeClasspath,fullReleaseRuntimeClasspath,fullReleaseScreenshotTestRuntimeClasspath,fullReleaseUnitTestRuntimeClasspath
-org.jetbrains.kotlinx:kotlinx-coroutines-play-services:1.10.2=fullDebugAndroidTestCompileClasspath,fullDebugCompileClasspath,fullDebugRuntimeClasspath,fullDebugScreenshotTestCompileClasspath,fullDebugScreenshotTestRuntimeClasspath,fullDebugUnitTestCompileClasspath,fullDebugUnitTestRuntimeClasspath,fullImplementationDependenciesMetadata,fullReleaseCompileClasspath,fullReleaseRuntimeClasspath,fullReleaseScreenshotTestCompileClasspath,fullReleaseScreenshotTestRuntimeClasspath,fullReleaseUnitTestCompileClasspath,fullReleaseUnitTestRuntimeClasspath
+org.jetbrains.kotlinx:kotlinx-coroutines-play-services:1.10.2=fullDebugAndroidTestCompileClasspath,fullDebugCompileClasspath,fullDebugRuntimeClasspath,fullDebugScreenshotTestCompileClasspath,fullDebugScreenshotTestRuntimeClasspath,fullDebugUnitTestCompileClasspath,fullDebugUnitTestRuntimeClasspath,fullImplementationDependenciesMetadata,fullReleaseCompileClasspath,fullReleaseRuntimeClasspath,fullReleaseScreenshotTestCompileClasspath,fullReleaseScreenshotTestRuntimeClasspath,fullReleaseUnitTestCompileClasspath,fullReleaseUnitTestRuntimeClasspath,minimalDebugUnitTestRuntimeClasspath,minimalReleaseUnitTestRuntimeClasspath
 org.jetbrains.kotlinx:kotlinx-coroutines-test-jvm:1.10.2=fullDebugAndroidTestCompileClasspath,fullDebugAndroidTestRuntimeClasspath,fullDebugUnitTestCompileClasspath,fullDebugUnitTestRuntimeClasspath,fullReleaseUnitTestCompileClasspath,fullReleaseUnitTestRuntimeClasspath,minimalDebugAndroidTestCompileClasspath,minimalDebugAndroidTestRuntimeClasspath,minimalDebugUnitTestCompileClasspath,minimalDebugUnitTestRuntimeClasspath,minimalReleaseUnitTestCompileClasspath,minimalReleaseUnitTestRuntimeClasspath
 org.jetbrains.kotlinx:kotlinx-coroutines-test:1.10.2=fullDebugAndroidTestCompileClasspath,fullDebugAndroidTestRuntimeClasspath,fullDebugUnitTestCompileClasspath,fullDebugUnitTestRuntimeClasspath,fullReleaseUnitTestCompileClasspath,fullReleaseUnitTestRuntimeClasspath,minimalDebugAndroidTestCompileClasspath,minimalDebugAndroidTestRuntimeClasspath,minimalDebugUnitTestCompileClasspath,minimalDebugUnitTestRuntimeClasspath,minimalReleaseUnitTestCompileClasspath,minimalReleaseUnitTestRuntimeClasspath
 org.jetbrains.kotlinx:kotlinx-coroutines-test:1.8.1=androidTestImplementationDependenciesMetadata
diff --git a/common/gradle.lockfile b/common/gradle.lockfile
index 66bc2ec1e12..bec9bbba2b0 100644
--- a/common/gradle.lockfile
+++ b/common/gradle.lockfile
@@ -213,6 +213,10 @@ com.android.tools:desugar_jdk_libs_configuration:2.1.5=coreLibraryDesugaring
 com.github.ajalt.clikt:clikt-jvm:5.0.2=ktlint
 com.github.ajalt.clikt:clikt:5.0.2=ktlint
 com.github.ben-manes.caffeine:caffeine:2.9.3=swiftExportClasspathResolvable
+com.google.android.gms:play-services-base:18.5.0=debugUnitTestRuntimeClasspath,releaseUnitTestRuntimeClasspath
+com.google.android.gms:play-services-basement:18.4.0=debugUnitTestRuntimeClasspath,releaseUnitTestRuntimeClasspath
+com.google.android.gms:play-services-tasks:18.2.0=debugUnitTestRuntimeClasspath,releaseUnitTestRuntimeClasspath
+com.google.android.gms:play-services-wearable:19.0.0=debugUnitTestRuntimeClasspath,releaseUnitTestRuntimeClasspath
 com.google.android:annotations:4.1.1.4=_internal-unified-test-platform-android-test-plugin-host-emulator-control,_internal-unified-test-platform-android-test-plugin-result-listener-gradle,_internal-unified-test-platform-core
 com.google.api.grpc:proto-google-common-protos:2.17.0=_internal-unified-test-platform-android-device-provider-ddmlib,_internal-unified-test-platform-android-device-provider-gradle,_internal-unified-test-platform-android-test-plugin-host-additional-test-output,_internal-unified-test-platform-android-test-plugin-host-apk-installer,_internal-unified-test-platform-android-test-plugin-host-coverage,_internal-unified-test-platform-android-test-plugin-host-device-info,_internal-unified-test-platform-android-test-plugin-host-logcat,_internal-unified-test-platform-core
 com.google.api.grpc:proto-google-common-protos:2.48.0=_internal-unified-test-platform-android-test-plugin-host-emulator-control,_internal-unified-test-platform-android-test-plugin-result-listener-gradle
@@ -479,6 +483,7 @@ org.jetbrains.kotlinx:kotlinx-coroutines-core-jvm:1.8.1=androidTestImplementatio
 org.jetbrains.kotlinx:kotlinx-coroutines-core:1.10.2=debugAndroidTestCompileClasspath,debugAndroidTestRuntimeClasspath,debugCompileClasspath,debugRuntimeClasspath,debugScreenshotTestCompileClasspath,debugScreenshotTestRuntimeClasspath,debugUnitTestCompileClasspath,debugUnitTestRuntimeClasspath,releaseCompileClasspath,releaseRuntimeClasspath,releaseScreenshotTestCompileClasspath,releaseScreenshotTestRuntimeClasspath,releaseUnitTestCompileClasspath,releaseUnitTestRuntimeClasspath
 org.jetbrains.kotlinx:kotlinx-coroutines-core:1.7.3=_internal-unified-test-platform-android-device-provider-ddmlib,_internal-unified-test-platform-android-device-provider-gradle,_internal-unified-test-platform-android-test-plugin-host-additional-test-output,_internal-unified-test-platform-android-test-plugin-host-apk-installer,_internal-unified-test-platform-android-test-plugin-host-coverage,_internal-unified-test-platform-android-test-plugin-host-device-info,_internal-unified-test-platform-android-test-plugin-host-emulator-control,_internal-unified-test-platform-android-test-plugin-host-logcat,_internal-unified-test-platform-android-test-plugin-result-listener-gradle,_internal-unified-test-platform-core,_internal-unified-test-platform-launcher,apiDependenciesMetadata
 org.jetbrains.kotlinx:kotlinx-coroutines-core:1.8.1=androidTestImplementationDependenciesMetadata
+org.jetbrains.kotlinx:kotlinx-coroutines-play-services:1.10.2=debugUnitTestRuntimeClasspath,releaseUnitTestRuntimeClasspath
 org.jetbrains.kotlinx:kotlinx-coroutines-test-jvm:1.10.2=debugAndroidTestCompileClasspath,debugAndroidTestRuntimeClasspath,debugUnitTestCompileClasspath,debugUnitTestRuntimeClasspath,releaseUnitTestCompileClasspath,releaseUnitTestRuntimeClasspath
 org.jetbrains.kotlinx:kotlinx-coroutines-test:1.10.2=debugAndroidTestCompileClasspath,debugAndroidTestRuntimeClasspath,debugUnitTestCompileClasspath,debugUnitTestRuntimeClasspath,releaseUnitTestCompileClasspath,releaseUnitTestRuntimeClasspath
 org.jetbrains.kotlinx:kotlinx-coroutines-test:1.8.1=androidTestImplementationDependenciesMetadata
diff --git a/onboarding/gradle.lockfile b/onboarding/gradle.lockfile
index f174f9768f2..9f24b23672a 100644
--- a/onboarding/gradle.lockfile
+++ b/onboarding/gradle.lockfile
@@ -222,6 +222,10 @@ com.github.ajalt.clikt:clikt-jvm:5.0.2=ktlint
 com.github.ajalt.clikt:clikt:5.0.2=ktlint
 com.github.ben-manes.caffeine:caffeine:2.9.3=swiftExportClasspathResolvable
 com.google.accompanist:accompanist-permissions:0.37.3=debugAndroidTestCompileClasspath,debugAndroidTestRuntimeClasspath,debugCompileClasspath,debugRuntimeClasspath,debugScreenshotTestCompileClasspath,debugScreenshotTestRuntimeClasspath,debugUnitTestCompileClasspath,debugUnitTestRuntimeClasspath,releaseCompileClasspath,releaseRuntimeClasspath,releaseScreenshotTestCompileClasspath,releaseScreenshotTestRuntimeClasspath,releaseUnitTestCompileClasspath,releaseUnitTestRuntimeClasspath
+com.google.android.gms:play-services-base:18.5.0=debugUnitTestRuntimeClasspath,releaseUnitTestRuntimeClasspath
+com.google.android.gms:play-services-basement:18.4.0=debugUnitTestRuntimeClasspath,releaseUnitTestRuntimeClasspath
+com.google.android.gms:play-services-tasks:18.2.0=debugUnitTestRuntimeClasspath,releaseUnitTestRuntimeClasspath
+com.google.android.gms:play-services-wearable:19.0.0=debugUnitTestRuntimeClasspath,releaseUnitTestRuntimeClasspath
 com.google.android:annotations:4.1.1.4=_internal-unified-test-platform-android-test-plugin-host-emulator-control,_internal-unified-test-platform-android-test-plugin-result-listener-gradle,_internal-unified-test-platform-core
 com.google.api.grpc:proto-google-common-protos:2.17.0=_internal-unified-test-platform-android-device-provider-ddmlib,_internal-unified-test-platform-android-device-provider-gradle,_internal-unified-test-platform-android-test-plugin-host-additional-test-output,_internal-unified-test-platform-android-test-plugin-host-apk-installer,_internal-unified-test-platform-android-test-plugin-host-coverage,_internal-unified-test-platform-android-test-plugin-host-device-info,_internal-unified-test-platform-android-test-plugin-host-logcat,_internal-unified-test-platform-core
 com.google.api.grpc:proto-google-common-protos:2.48.0=_internal-unified-test-platform-android-test-plugin-host-emulator-control,_internal-unified-test-platform-android-test-plugin-result-listener-gradle
@@ -493,6 +497,7 @@ org.jetbrains.kotlinx:kotlinx-coroutines-core-jvm:1.8.1=androidTestImplementatio
 org.jetbrains.kotlinx:kotlinx-coroutines-core:1.10.2=debugAndroidTestCompileClasspath,debugAndroidTestRuntimeClasspath,debugCompileClasspath,debugRuntimeClasspath,debugScreenshotTestCompileClasspath,debugScreenshotTestRuntimeClasspath,debugUnitTestCompileClasspath,debugUnitTestRuntimeClasspath,releaseCompileClasspath,releaseRuntimeClasspath,releaseScreenshotTestCompileClasspath,releaseScreenshotTestRuntimeClasspath,releaseUnitTestCompileClasspath,releaseUnitTestRuntimeClasspath
 org.jetbrains.kotlinx:kotlinx-coroutines-core:1.7.3=_internal-unified-test-platform-android-device-provider-ddmlib,_internal-unified-test-platform-android-device-provider-gradle,_internal-unified-test-platform-android-test-plugin-host-additional-test-output,_internal-unified-test-platform-android-test-plugin-host-apk-installer,_internal-unified-test-platform-android-test-plugin-host-coverage,_internal-unified-test-platform-android-test-plugin-host-device-info,_internal-unified-test-platform-android-test-plugin-host-emulator-control,_internal-unified-test-platform-android-test-plugin-host-logcat,_internal-unified-test-platform-android-test-plugin-result-listener-gradle,_internal-unified-test-platform-core,_internal-unified-test-platform-launcher
 org.jetbrains.kotlinx:kotlinx-coroutines-core:1.8.1=androidTestImplementationDependenciesMetadata
+org.jetbrains.kotlinx:kotlinx-coroutines-play-services:1.10.2=debugUnitTestRuntimeClasspath,releaseUnitTestRuntimeClasspath
 org.jetbrains.kotlinx:kotlinx-coroutines-test-jvm:1.10.2=debugAndroidTestCompileClasspath,debugAndroidTestRuntimeClasspath,debugUnitTestCompileClasspath,debugUnitTestRuntimeClasspath,releaseUnitTestCompileClasspath,releaseUnitTestRuntimeClasspath
 org.jetbrains.kotlinx:kotlinx-coroutines-test:1.10.2=debugAndroidTestCompileClasspath,debugAndroidTestRuntimeClasspath,debugUnitTestCompileClasspath,debugUnitTestRuntimeClasspath,releaseUnitTestCompileClasspath,releaseUnitTestRuntimeClasspath
 org.jetbrains.kotlinx:kotlinx-coroutines-test:1.8.1=androidTestImplementationDependenciesMetadata
diff --git a/testing-unit/build.gradle.kts b/testing-unit/build.gradle.kts
index 485c13a98d9..534b18c95cb 100644
--- a/testing-unit/build.gradle.kts
+++ b/testing-unit/build.gradle.kts
@@ -31,4 +31,6 @@ dependencies {
     implementation(libs.kotlinx.coroutines.test)
     implementation(platform(libs.compose.bom))
     implementation(libs.bundles.androidx.compose.ui.test)
+    implementation(libs.kotlinx.coroutines.play.services)
+    implementation(libs.play.services.wearable)
 }
diff --git a/testing-unit/gradle.lockfile b/testing-unit/gradle.lockfile
index 0c35739f2f1..c73d4be34e4 100644
--- a/testing-unit/gradle.lockfile
+++ b/testing-unit/gradle.lockfile
@@ -9,7 +9,7 @@ androidx.annotation:annotation-experimental:1.4.1=debugAndroidTestCompileClasspa
 androidx.annotation:annotation-jvm:1.9.1=debugAndroidTestCompileClasspath,debugAndroidTestRuntimeClasspath,debugCompileClasspath,debugRuntimeClasspath,debugUnitTestCompileClasspath,debugUnitTestRuntimeClasspath,releaseCompileClasspath,releaseRuntimeClasspath,releaseUnitTestCompileClasspath,releaseUnitTestRuntimeClasspath
 androidx.annotation:annotation:1.9.1=debugAndroidTestCompileClasspath,debugAndroidTestRuntimeClasspath,debugCompileClasspath,debugRuntimeClasspath,debugUnitTestCompileClasspath,debugUnitTestRuntimeClasspath,implementationDependenciesMetadata,releaseCompileClasspath,releaseRuntimeClasspath,releaseUnitTestCompileClasspath,releaseUnitTestRuntimeClasspath
 androidx.arch.core:core-common:2.2.0=debugAndroidTestCompileClasspath,debugAndroidTestRuntimeClasspath,debugCompileClasspath,debugRuntimeClasspath,debugUnitTestCompileClasspath,debugUnitTestRuntimeClasspath,implementationDependenciesMetadata,releaseCompileClasspath,releaseRuntimeClasspath,releaseUnitTestCompileClasspath,releaseUnitTestRuntimeClasspath
-androidx.arch.core:core-runtime:2.2.0=debugAndroidTestRuntimeClasspath,debugRuntimeClasspath,debugUnitTestRuntimeClasspath,releaseRuntimeClasspath,releaseUnitTestRuntimeClasspath
+androidx.arch.core:core-runtime:2.2.0=debugAndroidTestCompileClasspath,debugAndroidTestRuntimeClasspath,debugCompileClasspath,debugRuntimeClasspath,debugUnitTestCompileClasspath,debugUnitTestRuntimeClasspath,implementationDependenciesMetadata,releaseCompileClasspath,releaseRuntimeClasspath,releaseUnitTestCompileClasspath,releaseUnitTestRuntimeClasspath
 androidx.autofill:autofill:1.0.0=debugAndroidTestRuntimeClasspath,debugRuntimeClasspath,debugUnitTestRuntimeClasspath,releaseRuntimeClasspath,releaseUnitTestRuntimeClasspath
 androidx.collection:collection-jvm:1.5.0=debugAndroidTestCompileClasspath,debugAndroidTestRuntimeClasspath,debugCompileClasspath,debugRuntimeClasspath,debugUnitTestCompileClasspath,debugUnitTestRuntimeClasspath,releaseCompileClasspath,releaseRuntimeClasspath,releaseUnitTestCompileClasspath,releaseUnitTestRuntimeClasspath
 androidx.collection:collection-ktx:1.5.0=debugAndroidTestRuntimeClasspath,debugRuntimeClasspath,debugUnitTestRuntimeClasspath,releaseRuntimeClasspath,releaseUnitTestRuntimeClasspath
@@ -41,16 +41,23 @@ androidx.compose:compose-bom:2025.09.01=debugAndroidTestCompileClasspath,debugAn
 androidx.concurrent:concurrent-futures:1.1.0=debugAndroidTestCompileClasspath,debugAndroidTestRuntimeClasspath,debugCompileClasspath,debugRuntimeClasspath,debugUnitTestCompileClasspath,debugUnitTestRuntimeClasspath,releaseCompileClasspath,releaseRuntimeClasspath,releaseUnitTestCompileClasspath,releaseUnitTestRuntimeClasspath
 androidx.core:core-ktx:1.15.0=debugAndroidTestCompileClasspath,debugAndroidTestRuntimeClasspath,debugCompileClasspath,debugRuntimeClasspath,debugUnitTestCompileClasspath,debugUnitTestRuntimeClasspath,releaseCompileClasspath,releaseRuntimeClasspath,releaseUnitTestCompileClasspath,releaseUnitTestRuntimeClasspath
 androidx.core:core-viewtree:1.0.0=debugAndroidTestRuntimeClasspath,debugRuntimeClasspath,debugUnitTestRuntimeClasspath,releaseRuntimeClasspath,releaseUnitTestRuntimeClasspath
-androidx.core:core:1.1.0=implementationDependenciesMetadata
 androidx.core:core:1.15.0=debugAndroidTestCompileClasspath,debugAndroidTestRuntimeClasspath,debugCompileClasspath,debugRuntimeClasspath,debugUnitTestCompileClasspath,debugUnitTestRuntimeClasspath,releaseCompileClasspath,releaseRuntimeClasspath,releaseUnitTestCompileClasspath,releaseUnitTestRuntimeClasspath
+androidx.core:core:1.2.0=implementationDependenciesMetadata
 androidx.customview:customview-poolingcontainer:1.0.0=debugAndroidTestRuntimeClasspath,debugRuntimeClasspath,debugUnitTestRuntimeClasspath,releaseRuntimeClasspath,releaseUnitTestRuntimeClasspath
+androidx.customview:customview:1.0.0=debugAndroidTestCompileClasspath,debugAndroidTestRuntimeClasspath,debugCompileClasspath,debugRuntimeClasspath,debugUnitTestCompileClasspath,debugUnitTestRuntimeClasspath,implementationDependenciesMetadata,releaseCompileClasspath,releaseRuntimeClasspath,releaseUnitTestCompileClasspath,releaseUnitTestRuntimeClasspath
 androidx.emoji2:emoji2:1.4.0=debugAndroidTestRuntimeClasspath,debugRuntimeClasspath,debugUnitTestRuntimeClasspath,releaseRuntimeClasspath,releaseUnitTestRuntimeClasspath
+androidx.fragment:fragment:1.1.0=debugAndroidTestCompileClasspath,debugAndroidTestRuntimeClasspath,debugCompileClasspath,debugRuntimeClasspath,debugUnitTestCompileClasspath,debugUnitTestRuntimeClasspath,implementationDependenciesMetadata,releaseCompileClasspath,releaseRuntimeClasspath,releaseUnitTestCompileClasspath,releaseUnitTestRuntimeClasspath
 androidx.graphics:graphics-path:1.0.1=debugAndroidTestRuntimeClasspath,debugRuntimeClasspath,debugUnitTestRuntimeClasspath,releaseRuntimeClasspath,releaseUnitTestRuntimeClasspath
 androidx.interpolator:interpolator:1.0.0=debugAndroidTestRuntimeClasspath,debugRuntimeClasspath,debugUnitTestRuntimeClasspath,releaseRuntimeClasspath,releaseUnitTestRuntimeClasspath
 androidx.lifecycle:lifecycle-common-jvm:2.9.4=debugAndroidTestCompileClasspath,debugAndroidTestRuntimeClasspath,debugCompileClasspath,debugRuntimeClasspath,debugUnitTestCompileClasspath,debugUnitTestRuntimeClasspath,releaseCompileClasspath,releaseRuntimeClasspath,releaseUnitTestCompileClasspath,releaseUnitTestRuntimeClasspath
 androidx.lifecycle:lifecycle-common:2.9.2=implementationDependenciesMetadata
 androidx.lifecycle:lifecycle-common:2.9.4=debugAndroidTestCompileClasspath,debugAndroidTestRuntimeClasspath,debugCompileClasspath,debugRuntimeClasspath,debugUnitTestCompileClasspath,debugUnitTestRuntimeClasspath,releaseCompileClasspath,releaseRuntimeClasspath,releaseUnitTestCompileClasspath,releaseUnitTestRuntimeClasspath
+androidx.lifecycle:lifecycle-livedata-core-ktx:2.9.2=implementationDependenciesMetadata
+androidx.lifecycle:lifecycle-livedata-core-ktx:2.9.4=debugAndroidTestCompileClasspath,debugAndroidTestRuntimeClasspath,debugCompileClasspath,debugRuntimeClasspath,debugUnitTestCompileClasspath,debugUnitTestRuntimeClasspath,releaseCompileClasspath,releaseRuntimeClasspath,releaseUnitTestCompileClasspath,releaseUnitTestRuntimeClasspath
+androidx.lifecycle:lifecycle-livedata-core:2.9.2=implementationDependenciesMetadata
 androidx.lifecycle:lifecycle-livedata-core:2.9.4=debugAndroidTestCompileClasspath,debugAndroidTestRuntimeClasspath,debugCompileClasspath,debugRuntimeClasspath,debugUnitTestCompileClasspath,debugUnitTestRuntimeClasspath,releaseCompileClasspath,releaseRuntimeClasspath,releaseUnitTestCompileClasspath,releaseUnitTestRuntimeClasspath
+androidx.lifecycle:lifecycle-livedata:2.9.2=implementationDependenciesMetadata
+androidx.lifecycle:lifecycle-livedata:2.9.4=debugAndroidTestCompileClasspath,debugAndroidTestRuntimeClasspath,debugCompileClasspath,debugRuntimeClasspath,debugUnitTestCompileClasspath,debugUnitTestRuntimeClasspath,releaseCompileClasspath,releaseRuntimeClasspath,releaseUnitTestCompileClasspath,releaseUnitTestRuntimeClasspath
 androidx.lifecycle:lifecycle-process:2.9.4=debugAndroidTestRuntimeClasspath,debugRuntimeClasspath,debugUnitTestRuntimeClasspath,releaseRuntimeClasspath,releaseUnitTestRuntimeClasspath
 androidx.lifecycle:lifecycle-runtime-android:2.9.4=debugAndroidTestCompileClasspath,debugAndroidTestRuntimeClasspath,debugCompileClasspath,debugRuntimeClasspath,debugUnitTestCompileClasspath,debugUnitTestRuntimeClasspath,releaseCompileClasspath,releaseRuntimeClasspath,releaseUnitTestCompileClasspath,releaseUnitTestRuntimeClasspath
 androidx.lifecycle:lifecycle-runtime-compose-android:2.9.4=debugAndroidTestCompileClasspath,debugAndroidTestRuntimeClasspath,debugCompileClasspath,debugRuntimeClasspath,debugUnitTestCompileClasspath,debugUnitTestRuntimeClasspath,releaseCompileClasspath,releaseRuntimeClasspath,releaseUnitTestCompileClasspath,releaseUnitTestRuntimeClasspath
@@ -67,6 +74,7 @@ androidx.lifecycle:lifecycle-viewmodel-savedstate:2.9.2=implementationDependenci
 androidx.lifecycle:lifecycle-viewmodel-savedstate:2.9.4=debugAndroidTestCompileClasspath,debugAndroidTestRuntimeClasspath,debugCompileClasspath,debugRuntimeClasspath,debugUnitTestCompileClasspath,debugUnitTestRuntimeClasspath,releaseCompileClasspath,releaseRuntimeClasspath,releaseUnitTestCompileClasspath,releaseUnitTestRuntimeClasspath
 androidx.lifecycle:lifecycle-viewmodel:2.9.2=implementationDependenciesMetadata
 androidx.lifecycle:lifecycle-viewmodel:2.9.4=debugAndroidTestCompileClasspath,debugAndroidTestRuntimeClasspath,debugCompileClasspath,debugRuntimeClasspath,debugUnitTestCompileClasspath,debugUnitTestRuntimeClasspath,releaseCompileClasspath,releaseRuntimeClasspath,releaseUnitTestCompileClasspath,releaseUnitTestRuntimeClasspath
+androidx.loader:loader:1.0.0=debugAndroidTestCompileClasspath,debugAndroidTestRuntimeClasspath,debugCompileClasspath,debugRuntimeClasspath,debugUnitTestCompileClasspath,debugUnitTestRuntimeClasspath,implementationDependenciesMetadata,releaseCompileClasspath,releaseRuntimeClasspath,releaseUnitTestCompileClasspath,releaseUnitTestRuntimeClasspath
 androidx.profileinstaller:profileinstaller:1.4.0=debugAndroidTestRuntimeClasspath,debugRuntimeClasspath,debugUnitTestRuntimeClasspath,releaseRuntimeClasspath,releaseUnitTestRuntimeClasspath
 androidx.savedstate:savedstate-android:1.3.3=debugAndroidTestCompileClasspath,debugAndroidTestRuntimeClasspath,debugCompileClasspath,debugRuntimeClasspath,debugUnitTestCompileClasspath,debugUnitTestRuntimeClasspath,releaseCompileClasspath,releaseRuntimeClasspath,releaseUnitTestCompileClasspath,releaseUnitTestRuntimeClasspath
 androidx.savedstate:savedstate-compose-android:1.3.3=debugAndroidTestCompileClasspath,debugAndroidTestRuntimeClasspath,debugCompileClasspath,debugRuntimeClasspath,debugUnitTestCompileClasspath,debugUnitTestRuntimeClasspath,releaseCompileClasspath,releaseRuntimeClasspath,releaseUnitTestCompileClasspath,releaseUnitTestRuntimeClasspath
@@ -85,6 +93,7 @@ androidx.test:runner:1.5.0=debugAndroidTestRuntimeClasspath,debugRuntimeClasspat
 androidx.tracing:tracing:1.2.0=debugAndroidTestCompileClasspath,debugAndroidTestRuntimeClasspath,debugCompileClasspath,debugRuntimeClasspath,debugUnitTestCompileClasspath,debugUnitTestRuntimeClasspath,releaseCompileClasspath,releaseRuntimeClasspath,releaseUnitTestCompileClasspath,releaseUnitTestRuntimeClasspath
 androidx.versionedparcelable:versionedparcelable:1.1.0=implementationDependenciesMetadata
 androidx.versionedparcelable:versionedparcelable:1.1.1=debugAndroidTestCompileClasspath,debugAndroidTestRuntimeClasspath,debugCompileClasspath,debugRuntimeClasspath,debugUnitTestCompileClasspath,debugUnitTestRuntimeClasspath,releaseCompileClasspath,releaseRuntimeClasspath,releaseUnitTestCompileClasspath,releaseUnitTestRuntimeClasspath
+androidx.viewpager:viewpager:1.0.0=debugAndroidTestCompileClasspath,debugAndroidTestRuntimeClasspath,debugCompileClasspath,debugRuntimeClasspath,debugUnitTestCompileClasspath,debugUnitTestRuntimeClasspath,implementationDependenciesMetadata,releaseCompileClasspath,releaseRuntimeClasspath,releaseUnitTestCompileClasspath,releaseUnitTestRuntimeClasspath
 ch.qos.logback:logback-classic:1.3.14=ktlint
 ch.qos.logback:logback-core:1.3.14=ktlint
 com.android.tools.ddms:ddmlib:31.13.0=_internal-unified-test-platform-android-device-provider-ddmlib
@@ -119,6 +128,10 @@ com.android.tools:common:31.13.0=_internal-unified-test-platform-android-device-
 com.github.ajalt.clikt:clikt-jvm:5.0.2=ktlint
 com.github.ajalt.clikt:clikt:5.0.2=ktlint
 com.github.ben-manes.caffeine:caffeine:2.9.3=swiftExportClasspathResolvable
+com.google.android.gms:play-services-base:18.5.0=debugAndroidTestCompileClasspath,debugAndroidTestRuntimeClasspath,debugCompileClasspath,debugRuntimeClasspath,debugUnitTestCompileClasspath,debugUnitTestRuntimeClasspath,implementationDependenciesMetadata,releaseCompileClasspath,releaseRuntimeClasspath,releaseUnitTestCompileClasspath,releaseUnitTestRuntimeClasspath
+com.google.android.gms:play-services-basement:18.4.0=debugAndroidTestCompileClasspath,debugAndroidTestRuntimeClasspath,debugCompileClasspath,debugRuntimeClasspath,debugUnitTestCompileClasspath,debugUnitTestRuntimeClasspath,implementationDependenciesMetadata,releaseCompileClasspath,releaseRuntimeClasspath,releaseUnitTestCompileClasspath,releaseUnitTestRuntimeClasspath
+com.google.android.gms:play-services-tasks:18.2.0=debugAndroidTestCompileClasspath,debugAndroidTestRuntimeClasspath,debugCompileClasspath,debugRuntimeClasspath,debugUnitTestCompileClasspath,debugUnitTestRuntimeClasspath,implementationDependenciesMetadata,releaseCompileClasspath,releaseRuntimeClasspath,releaseUnitTestCompileClasspath,releaseUnitTestRuntimeClasspath
+com.google.android.gms:play-services-wearable:19.0.0=debugAndroidTestCompileClasspath,debugAndroidTestRuntimeClasspath,debugCompileClasspath,debugRuntimeClasspath,debugUnitTestCompileClasspath,debugUnitTestRuntimeClasspath,implementationDependenciesMetadata,releaseCompileClasspath,releaseRuntimeClasspath,releaseUnitTestCompileClasspath,releaseUnitTestRuntimeClasspath
 com.google.android:annotations:4.1.1.4=_internal-unified-test-platform-android-test-plugin-host-emulator-control,_internal-unified-test-platform-android-test-plugin-result-listener-gradle,_internal-unified-test-platform-core
 com.google.api.grpc:proto-google-common-protos:2.17.0=_internal-unified-test-platform-android-device-provider-ddmlib,_internal-unified-test-platform-android-device-provider-gradle,_internal-unified-test-platform-android-test-plugin-host-additional-test-output,_internal-unified-test-platform-android-test-plugin-host-apk-installer,_internal-unified-test-platform-android-test-plugin-host-coverage,_internal-unified-test-platform-android-test-plugin-host-device-info,_internal-unified-test-platform-android-test-plugin-host-logcat,_internal-unified-test-platform-core
 com.google.api.grpc:proto-google-common-protos:2.48.0=_internal-unified-test-platform-android-test-plugin-host-emulator-control,_internal-unified-test-platform-android-test-plugin-result-listener-gradle
@@ -289,7 +302,7 @@ org.jetbrains.kotlinx:atomicfu-jvm:0.22.0=_internal-unified-test-platform-androi
 org.jetbrains.kotlinx:atomicfu:0.22.0=_internal-unified-test-platform-android-driver-instrumentation,_internal-unified-test-platform-android-test-plugin-host-additional-test-output,_internal-unified-test-platform-android-test-plugin-host-device-info,_internal-unified-test-platform-android-test-plugin-host-emulator-control,_internal-unified-test-platform-android-test-plugin-host-logcat,_internal-unified-test-platform-launcher
 org.jetbrains.kotlinx:atomicfu:0.27.0=implementationDependenciesMetadata
 org.jetbrains.kotlinx:kotlinx-coroutines-android:1.10.2=debugAndroidTestCompileClasspath,debugAndroidTestRuntimeClasspath,debugCompileClasspath,debugRuntimeClasspath,debugUnitTestCompileClasspath,debugUnitTestRuntimeClasspath,releaseCompileClasspath,releaseRuntimeClasspath,releaseUnitTestCompileClasspath,releaseUnitTestRuntimeClasspath
-org.jetbrains.kotlinx:kotlinx-coroutines-bom:1.10.2=debugAndroidTestCompileClasspath,debugAndroidTestRuntimeClasspath,debugCompileClasspath,debugRuntimeClasspath,debugUnitTestCompileClasspath,debugUnitTestRuntimeClasspath,releaseCompileClasspath,releaseRuntimeClasspath,releaseUnitTestCompileClasspath,releaseUnitTestRuntimeClasspath
+org.jetbrains.kotlinx:kotlinx-coroutines-bom:1.10.2=debugAndroidTestCompileClasspath,debugAndroidTestRuntimeClasspath,debugCompileClasspath,debugRuntimeClasspath,debugUnitTestCompileClasspath,debugUnitTestRuntimeClasspath,implementationDependenciesMetadata,releaseCompileClasspath,releaseRuntimeClasspath,releaseUnitTestCompileClasspath,releaseUnitTestRuntimeClasspath
 org.jetbrains.kotlinx:kotlinx-coroutines-bom:1.7.3=_internal-unified-test-platform-android-device-provider-ddmlib,_internal-unified-test-platform-android-device-provider-gradle,_internal-unified-test-platform-android-driver-instrumentation,_internal-unified-test-platform-android-test-plugin,_internal-unified-test-platform-android-test-plugin-host-additional-test-output,_internal-unified-test-platform-android-test-plugin-host-apk-installer,_internal-unified-test-platform-android-test-plugin-host-coverage,_internal-unified-test-platform-android-test-plugin-host-device-info,_internal-unified-test-platform-android-test-plugin-host-emulator-control,_internal-unified-test-platform-android-test-plugin-host-logcat,_internal-unified-test-platform-android-test-plugin-result-listener-gradle,_internal-unified-test-platform-core,_internal-unified-test-platform-launcher
 org.jetbrains.kotlinx:kotlinx-coroutines-core-jvm:1.10.2=debugAndroidTestCompileClasspath,debugAndroidTestRuntimeClasspath,debugCompileClasspath,debugRuntimeClasspath,debugUnitTestCompileClasspath,debugUnitTestRuntimeClasspath,releaseCompileClasspath,releaseRuntimeClasspath,releaseUnitTestCompileClasspath,releaseUnitTestRuntimeClasspath
 org.jetbrains.kotlinx:kotlinx-coroutines-core-jvm:1.6.4=ktlint,ktlintBaselineReporter,ktlintRuleset
@@ -297,6 +310,7 @@ org.jetbrains.kotlinx:kotlinx-coroutines-core-jvm:1.7.3=_internal-unified-test-p
 org.jetbrains.kotlinx:kotlinx-coroutines-core-jvm:1.8.0=kotlinBuildToolsApiClasspath,kotlinCompilerClasspath,kotlinInternalAbiValidation,kotlinKlibCommonizerClasspath,swiftExportClasspathResolvable
 org.jetbrains.kotlinx:kotlinx-coroutines-core:1.10.2=debugAndroidTestCompileClasspath,debugAndroidTestRuntimeClasspath,debugCompileClasspath,debugRuntimeClasspath,debugUnitTestCompileClasspath,debugUnitTestRuntimeClasspath,implementationDependenciesMetadata,releaseCompileClasspath,releaseRuntimeClasspath,releaseUnitTestCompileClasspath,releaseUnitTestRuntimeClasspath
 org.jetbrains.kotlinx:kotlinx-coroutines-core:1.7.3=_internal-unified-test-platform-android-device-provider-ddmlib,_internal-unified-test-platform-android-device-provider-gradle,_internal-unified-test-platform-android-device-provider-gradle,_internal-unified-test-platform-android-test-plugin-host-additional-test-output,_internal-unified-test-platform-android-test-plugin-host-apk-installer,_internal-unified-test-platform-android-test-plugin-host-coverage,_internal-unified-test-platform-android-test-plugin-host-device-info,_internal-unified-test-platform-android-test-plugin-host-emulator-control,_internal-unified-test-platform-android-test-plugin-host-logcat,_internal-unified-test-platform-android-test-plugin-result-listener-gradle,_internal-unified-test-platform-core,_internal-unified-test-platform-launcher
+org.jetbrains.kotlinx:kotlinx-coroutines-play-services:1.10.2=debugAndroidTestCompileClasspath,debugAndroidTestRuntimeClasspath,debugCompileClasspath,debugRuntimeClasspath,debugUnitTestCompileClasspath,debugUnitTestRuntimeClasspath,implementationDependenciesMetadata,releaseCompileClasspath,releaseRuntimeClasspath,releaseUnitTestCompileClasspath,releaseUnitTestRuntimeClasspath
 org.jetbrains.kotlinx:kotlinx-coroutines-test-jvm:1.10.2=debugAndroidTestCompileClasspath,debugAndroidTestRuntimeClasspath,debugCompileClasspath,debugRuntimeClasspath,debugUnitTestCompileClasspath,debugUnitTestRuntimeClasspath,releaseCompileClasspath,releaseRuntimeClasspath,releaseUnitTestCompileClasspath,releaseUnitTestRuntimeClasspath
 org.jetbrains.kotlinx:kotlinx-coroutines-test:1.10.2=debugAndroidTestCompileClasspath,debugAndroidTestRuntimeClasspath,debugCompileClasspath,debugRuntimeClasspath,debugUnitTestCompileClasspath,debugUnitTestRuntimeClasspath,implementationDependenciesMetadata,releaseCompileClasspath,releaseRuntimeClasspath,releaseUnitTestCompileClasspath,releaseUnitTestRuntimeClasspath
 org.jetbrains.kotlinx:kotlinx-serialization-bom:1.7.3=debugAndroidTestCompileClasspath,debugAndroidTestRuntimeClasspath,debugCompileClasspath,debugRuntimeClasspath,debugUnitTestCompileClasspath,debugUnitTestRuntimeClasspath,releaseCompileClasspath,releaseRuntimeClasspath,releaseUnitTestCompileClasspath,releaseUnitTestRuntimeClasspath,swiftExportClasspathResolvable
diff --git a/wear/src/test/kotlin/io/homeassistant/companion/android/fakes/FakeCapabilityClient.kt b/testing-unit/src/main/kotlin/io/homeassistant/companion/android/fakes/FakeCapabilityClient.kt
similarity index 80%
rename from wear/src/test/kotlin/io/homeassistant/companion/android/fakes/FakeCapabilityClient.kt
rename to testing-unit/src/main/kotlin/io/homeassistant/companion/android/fakes/FakeCapabilityClient.kt
index ae7e68a66d6..377993ca73d 100644
--- a/wear/src/test/kotlin/io/homeassistant/companion/android/fakes/FakeCapabilityClient.kt
+++ b/testing-unit/src/main/kotlin/io/homeassistant/companion/android/fakes/FakeCapabilityClient.kt
@@ -9,6 +9,10 @@ import com.google.android.gms.wearable.CapabilityInfo
 class FakeCapabilityClient(context: Context) : CapabilityClient(context, Settings.Builder().build()) {
     val capabilities: MutableMap<String, Set<String>> = mutableMapOf()
 
+    fun getNodes(capability: String): Set<FakeNode> {
+        return capabilities[capability].orEmpty().mapTo(mutableSetOf()) { FakeNode(it, it, true) }
+    }
+
     override fun addListener(listener: OnCapabilityChangedListener, capability: String): Task<Void?> {
         TODO("Not yet implemented")
     }
@@ -26,9 +30,14 @@ class FakeCapabilityClient(context: Context) : CapabilityClient(context, Setting
     }
 
     override fun getCapability(capability: String, nodeFilter: Int): Task<CapabilityInfo?> {
-        val nodes = capabilities[capability].orEmpty()
-
-        return FakeTask(Result.success(FakeCapabilityInfo(capability, nodes.mapTo(mutableSetOf()) { FakeNode(it, it, true) })))
+        return FakeTask(
+            Result.success(
+                FakeCapabilityInfo(
+                    capability,
+                    getNodes(capability),
+                ),
+            ),
+        )
     }
 
     override fun removeListener(listener: OnCapabilityChangedListener): Task<Boolean?> {
diff --git a/wear/src/test/kotlin/io/homeassistant/companion/android/fakes/FakeCapabilityInfo.kt b/testing-unit/src/main/kotlin/io/homeassistant/companion/android/fakes/FakeCapabilityInfo.kt
similarity index 100%
rename from wear/src/test/kotlin/io/homeassistant/companion/android/fakes/FakeCapabilityInfo.kt
rename to testing-unit/src/main/kotlin/io/homeassistant/companion/android/fakes/FakeCapabilityInfo.kt
diff --git a/wear/src/test/kotlin/io/homeassistant/companion/android/fakes/FakeNode.kt b/testing-unit/src/main/kotlin/io/homeassistant/companion/android/fakes/FakeNode.kt
similarity index 94%
rename from wear/src/test/kotlin/io/homeassistant/companion/android/fakes/FakeNode.kt
rename to testing-unit/src/main/kotlin/io/homeassistant/companion/android/fakes/FakeNode.kt
index c81a29f5613..c22fee40719 100644
--- a/wear/src/test/kotlin/io/homeassistant/companion/android/fakes/FakeNode.kt
+++ b/testing-unit/src/main/kotlin/io/homeassistant/companion/android/fakes/FakeNode.kt
@@ -2,7 +2,7 @@ package io.homeassistant.companion.android.fakes
 
 import com.google.android.gms.wearable.Node
 
-class FakeNode(
+data class FakeNode(
     @JvmField
     val displayName: String,
     @JvmField
diff --git a/testing-unit/src/main/kotlin/io/homeassistant/companion/android/fakes/FakeNodeClient.kt b/testing-unit/src/main/kotlin/io/homeassistant/companion/android/fakes/FakeNodeClient.kt
new file mode 100644
index 00000000000..c7c6390c8b0
--- /dev/null
+++ b/testing-unit/src/main/kotlin/io/homeassistant/companion/android/fakes/FakeNodeClient.kt
@@ -0,0 +1,31 @@
+package io.homeassistant.companion.android.fakes
+
+import android.content.Context
+import com.google.android.gms.tasks.Task
+import com.google.android.gms.wearable.Node
+import com.google.android.gms.wearable.NodeClient
+
+class FakeNodeClient(context: Context) : NodeClient(context, Settings.Builder().build()) {
+
+    private var nodes = emptyList<FakeNode>()
+
+    fun setNodes(nodes: List<String>) {
+        this.nodes = nodes.mapTo(mutableListOf()) { FakeNode(it, it, true) }
+    }
+
+    override fun getCompanionPackageForNode(p0: String): Task<String?> {
+        TODO("Not yet implemented")
+    }
+
+    override fun getConnectedNodes(): Task<List<Node?>?> {
+        return FakeTask(Result.success(nodes))
+    }
+
+    override fun getLocalNode(): Task<Node?> {
+        TODO("Not yet implemented")
+    }
+
+    override fun getNodeId(p0: String): Task<String?> {
+        TODO("Not yet implemented")
+    }
+}
diff --git a/wear/src/test/kotlin/io/homeassistant/companion/android/fakes/FakeTask.kt b/testing-unit/src/main/kotlin/io/homeassistant/companion/android/fakes/FakeTask.kt
similarity index 100%
rename from wear/src/test/kotlin/io/homeassistant/companion/android/fakes/FakeTask.kt
rename to testing-unit/src/main/kotlin/io/homeassistant/companion/android/fakes/FakeTask.kt
